The system is: Darwin - 18.2.0 - x86_64
Compiling the C compiler identification source file "CMakeCCompilerId.c" succeeded.
Compiler: /opt/intel/bin/icc 
Build flags: 
Id flags:  

The output was:
0
ld: warning: URGENT: building for OSX, but linking against dylib (/usr/lib/libc++.dylib) built for (unknown). Note: This will be an error in the future.
ld: warning: URGENT: building for OSX, but linking against dylib (/usr/lib/libSystem.dylib) built for (unknown). Note: This will be an error in the future.


Compilation of the C compiler identification source "CMakeCCompilerId.c" produced "a.out"

The C compiler identification is Intel, found in "/Users/jinlianyuan/CLionProjects/SRTP/GuomiLib/cmake-build-debug/CMakeFiles/3.14.2/CompilerIdC/a.out"

Compiling the CXX compiler identification source file "CMakeCXXCompilerId.cpp" succeeded.
Compiler: /opt/intel/bin/icpc 
Build flags: 
Id flags:  

The output was:
0
ld: warning: URGENT: building for OSX, but linking against dylib (/usr/lib/libc++.dylib) built for (unknown). Note: This will be an error in the future.
ld: warning: URGENT: building for OSX, but linking against dylib (/usr/lib/libSystem.dylib) built for (unknown). Note: This will be an error in the future.


Compilation of the CXX compiler identification source "CMakeCXXCompilerId.cpp" produced "a.out"

The CXX compiler identification is Intel, found in "/Users/jinlianyuan/CLionProjects/SRTP/GuomiLib/cmake-build-debug/CMakeFiles/3.14.2/CompilerIdCXX/a.out"

Determining if the C compiler works passed with the following output:
Change Dir: /Users/jinlianyuan/CLionProjects/SRTP/GuomiLib/cmake-build-debug/CMakeFiles/CMakeTmp

Run Build Command(s):/usr/bin/make cmTC_16b50/fast 
/Library/Developer/CommandLineTools/usr/bin/make -f CMakeFiles/cmTC_16b50.dir/build.make CMakeFiles/cmTC_16b50.dir/build
Building C object CMakeFiles/cmTC_16b50.dir/testCCompiler.c.o
/opt/intel/bin/icc    -o CMakeFiles/cmTC_16b50.dir/testCCompiler.c.o   -c /Users/jinlianyuan/CLionProjects/SRTP/GuomiLib/cmake-build-debug/CMakeFiles/CMakeTmp/testCCompiler.c
Linking C executable cmTC_16b50
/Applications/CLion.app/Contents/bin/cmake/mac/bin/cmake -E cmake_link_script CMakeFiles/cmTC_16b50.dir/link.txt --verbose=1
/opt/intel/bin/icc   -Wl,-search_paths_first -Wl,-headerpad_max_install_names   CMakeFiles/cmTC_16b50.dir/testCCompiler.c.o  -o cmTC_16b50 
ld: warning: URGENT: building for OSX, but linking against dylib (/usr/lib/libc++.dylib) built for (unknown). Note: This will be an error in the future.
ld: warning: URGENT: building for OSX, but linking against dylib (/usr/lib/libSystem.dylib) built for (unknown). Note: This will be an error in the future.


Detecting C compiler ABI info compiled with the following output:
Change Dir: /Users/jinlianyuan/CLionProjects/SRTP/GuomiLib/cmake-build-debug/CMakeFiles/CMakeTmp

Run Build Command(s):/usr/bin/make cmTC_6c01c/fast 
/Library/Developer/CommandLineTools/usr/bin/make -f CMakeFiles/cmTC_6c01c.dir/build.make CMakeFiles/cmTC_6c01c.dir/build
Building C object CMakeFiles/cmTC_6c01c.dir/CMakeCCompilerABI.c.o
/opt/intel/bin/icc   -v -Wl,-v -o CMakeFiles/cmTC_6c01c.dir/CMakeCCompilerABI.c.o   -c /Applications/CLion.app/Contents/bin/cmake/mac/share/cmake-3.14/Modules/CMakeCCompilerABI.c
icc version 19.0 (gcc version 4.9.0 compatibility)
/opt/intel/bin/../compilers_and_libraries/mac/bin/../../../compilers_and_libraries_2019.1.144/mac/bin/intel64/mcpcom    --target_efi2 --lang=c -_g -mP3OPT_inline_alloca -D__ICC=1900 -D__INTEL_COMPILER=1900 -D__INTEL_COMPILER_UPDATE=0 -D__BLOCKS__ -D__SIZE_WIDTH__=64 -D__PTRDIFF_TYPE__=long "-D__SIZE_TYPE__=unsigned long" -D__WCHAR_TYPE__=int -D__WINT_TYPE__=int "-D__INTMAX_TYPE__=long int" "-D__UINTMAX_TYPE__=long unsigned int" -D__LONG_MAX__=9223372036854775807L -D__QMSPP_ -D__OPTIMIZE__ -D__NO_MATH_INLINES -D__NO_STRING_INLINES -D__GNUC_GNU_INLINE__ -D__GNUC__=4 -D__GNUC_MINOR__=9 -D__GNUC_PATCHLEVEL__=0 -D__clang__=1 -D__clang_patchlevel__=0 -D__clang_minor__=1 -D__clang_major__=9 -D__clang_version__="9.1.0" -D__APPLE_CC__=5226 -D__ENVIRONMENT_MAC_OS_X_VERSION_MIN_REQUIRED__=1142 -D__LITTLE_ENDIAN__ -D__DYNAMIC__ "-D__private_extern__=__attribute__((visibility("hidden")))" -D__LP64__ -D_LP64 -D__GXX_ABI_VERSION=1002 -D__USER_LABEL_PREFIX__=_ -D__REGISTER_PREFIX__= -D__INTEL_RTTI__ -D__x86_64 -D__x86_64__ -D__amd64 -D__amd64__ "-_Acpu(x86_64)" "-_Amachine(x86_64)" -D__INTEL_COMPILER_BUILD_DATE=20181018 -D__PIC__ -D__APPLE__ -D__MACH__ -D__pentium4 -D__pentium4__ -D__tune_pentium4__ -D__SSE2__ -D__SSE2_MATH__ -D__SSE3__ -D__SSSE3__ -D__SSE__ -D__SSE_MATH__ -D__MMX__ -_k -_8 -_l --has_new_stdarg_support -_D -_a -_b --gnu_version=40900 -_W5 --gcc-extern-inline --clang_version=30900 --openmp_simd --noopenmp_offload --multibyte_chars --blocks --clang_lib_extensions -D_LIBCPP_HAS_NO_VARIADICS -D_LIBCPP_HAS_NO_RVALUE_REFERENCES -mGLOB_diag_suppress_sys -I/opt/intel/bin/../compilers_and_libraries/mac/bin/../../../compilers_and_libraries_2019.1.144/mac/pstl/include --array_section --simd --simd_func --clang_extensions -mGLOB_em64t=TRUE -mP1OPT_version=19.0-intel64 -mGLOB_diag_file=CMakeFiles/cmTC_6c01c.dir/CMakeCCompilerABI.c.diag -mGLOB_diag_use_message_catalog=FALSE -mGLOB_long_size_64 -mGLOB_routine_pointer_size_64 -mP1OPT_print_version=FALSE -mCG_use_gas_got_workaround=F -mP2OPT_align_option_used=TRUE -mGLOB_gcc_version=490 "-mGLOB_options_string=-v -Wl,-v -o CMakeFiles/cmTC_6c01c.dir/CMakeCCompilerABI.c.o -c" -mGLOB_position_independent_code -mGLOB_preemption_model=1 -mGLOB_no_compact_unwind=TRUE -mGLOB_cxx_limited_range=FALSE -mCG_extend_parms=FALSE -mGLOB_compiler_bin_directory=/opt/intel/bin/../compilers_and_libraries/mac/bin/../../../compilers_and_libraries_2019.1.144/mac/bin/intel64 -mGLOB_as_output_backup_file_name=/var/folders/m6/rgp7bqx501n_1vntv9ml8mqw0000gn/T/iccRWqvCYas_.s -mIPOPT_activate -mIPOPT_lite -mGLOB_uarch_tuning=0x0 -mGLOB_product_id_code=0x22006d93 -mCG_bnl_movbe=T -mGLOB_extended_instructions=0x80 -mP3OPT_use_mspp_call_convention -mP2OPT_subs_out_of_bound=FALSE -mP2OPT_disam_type_based_disam=2 -mP2OPT_disam_assume_ansi_c -mP2OPT_checked_disam_ansi_alias=TRUE -mGLOB_ansi_alias -mPGOPTI_value_profile_use=T -mP2OPT_il0_array_sections=TRUE -mP2OPT_hlo_level=2 -mP2OPT_hlo -mP2OPT_hpo_rtt_control=0 -mIPOPT_args_in_regs=0 -mP2OPT_disam_assume_nonstd_intent_in=FALSE -mGLOB_imf_mapping_library=/opt/intel/bin/../compilers_and_libraries/mac/bin/../../../compilers_and_libraries_2019.1.144/mac/bin/intel64/libiml_attr.dylib -mPGOPTI_gen_threadsafe_level=0 -mIPOPT_obj_output_file_name=CMakeFiles/cmTC_6c01c.dir/CMakeCCompilerABI.c.o -mIPOPT_whole_archive_fixup_file_name=/var/folders/m6/rgp7bqx501n_1vntv9ml8mqw0000gn/T/iccwarchyV4hD3 -mGLOB_linker=/Library/Developer/CommandLineTools/usr/bin/ld -mGLOB_driver_tempfile_name=/var/folders/m6/rgp7bqx501n_1vntv9ml8mqw0000gn/T/icctempfileFpvtXy -mGLOB_os_target=GLOB_OS_TARGET_MACH -mGLOB_async_unwind_tables=TRUE -mGLOB_obj_output_file=CMakeFiles/cmTC_6c01c.dir/CMakeCCompilerABI.c.o -mGLOB_source_dialect=GLOB_SOURCE_DIALECT_C -mP1OPT_source_file_name=/Applications/CLion.app/Contents/bin/cmake/mac/share/cmake-3.14/Modules/CMakeCCompilerABI.c -mP1OPT_full_source_file_name=/Applications/CLion.app/Contents/bin/cmake/mac/share/cmake-3.14/Modules/CMakeCCompilerABI.c /Applications/CLion.app/Contents/bin/cmake/mac/share/cmake-3.14/Modules/CMakeCCompilerABI.c
#include "..." search starts here:
#include <...> search starts here:
 /opt/intel/bin/../compilers_and_libraries/mac/bin/../../../compilers_and_libraries_2019.1.144/mac/pstl/include
 /opt/intel/bin/../compilers_and_libraries/mac/bin/../../../compilers_and_libraries_2019.1.144/mac/compiler/include/icc
 /opt/intel/bin/../compilers_and_libraries/mac/bin/../../../compilers_and_libraries_2019.1.144/mac/compiler/include
 /System/Library/Frameworks
 /Library/Frameworks
 /Library/Developer/CommandLineTools/usr/lib/clang/9.1.0/include
 /usr/local/include
 /usr/include/
 /usr/include
End of search list.
Linking C executable cmTC_6c01c
/Applications/CLion.app/Contents/bin/cmake/mac/bin/cmake -E cmake_link_script CMakeFiles/cmTC_6c01c.dir/link.txt --verbose=1
/opt/intel/bin/icc   -Wl,-search_paths_first -Wl,-headerpad_max_install_names  -v -Wl,-v CMakeFiles/cmTC_6c01c.dir/CMakeCCompilerABI.c.o  -o cmTC_6c01c 
icc version 19.0 (gcc version 4.9.0 compatibility)
/opt/intel/bin/../compilers_and_libraries/mac/bin/../../../compilers_and_libraries_2019.1.144/mac/bin/intel64/mcpcom    -mGLOB_em64t=TRUE -mP1OPT_version=19.0-intel64 -mGLOB_diag_file=CMakeFiles/cmTC_6c01c.dir/CMakeCCompilerABI.c.diag -mGLOB_diag_use_message_catalog=FALSE -mGLOB_long_size_64 -mGLOB_routine_pointer_size_64 -mP1OPT_print_version=FALSE -mCG_use_gas_got_workaround=F -mP2OPT_align_option_used=TRUE -mGLOB_gcc_version=490 "-mGLOB_options_string=-Wl,-search_paths_first -Wl,-headerpad_max_install_names -v -Wl,-v -o cmTC_6c01c" -mGLOB_position_independent_code -mGLOB_preemption_model=1 -mGLOB_no_compact_unwind=TRUE -mGLOB_cxx_limited_range=FALSE -mCG_extend_parms=FALSE -mGLOB_compiler_bin_directory=/opt/intel/bin/../compilers_and_libraries/mac/bin/../../../compilers_and_libraries_2019.1.144/mac/bin/intel64 -mGLOB_as_output_backup_file_name=/var/folders/m6/rgp7bqx501n_1vntv9ml8mqw0000gn/T/iccL6pdZsas_.s -mGLOB_dashboard_use_source_name -mIPOPT_activate -mGLOB_product_id_code=0x22006d93 -mP3OPT_use_mspp_call_convention -mP2OPT_subs_out_of_bound=FALSE -mP2OPT_disam_type_based_disam=2 -mP2OPT_disam_assume_ansi_c -mP2OPT_checked_disam_ansi_alias=TRUE -mGLOB_ansi_alias -mPGOPTI_value_profile_use=T -mGLOB_opt_report_use_source_name -mP2OPT_il0_array_sections=TRUE -mP2OPT_hlo -mP2OPT_hpo_rtt_control=0 -mIPOPT_args_in_regs=0 -mP2OPT_disam_assume_nonstd_intent_in=FALSE -mGLOB_imf_mapping_library=/opt/intel/bin/../compilers_and_libraries/mac/bin/../../../compilers_and_libraries_2019.1.144/mac/bin/intel64/libiml_attr.dylib -mPGOPTI_gen_threadsafe_level=0 -mIPOPT_link -mIPOPT_ipo_activate -mIPOPT_mo_activate -mIPOPT_source_files_list=/var/folders/m6/rgp7bqx501n_1vntv9ml8mqw0000gn/T/iccslisQSfweI -mIPOPT_mo_global_data "-mIPOPT_cmdline_link="-dynamic" "-arch" "x86_64" "-weak_reference_mismatches" "non-weak" "-macosx_version_min" "10.14.2" "-no_compact_unwind" "-keep_dwarf_unwind" "-rpath" "/opt/intel/bin/../compilers_and_libraries/mac/bin/../../../compilers_and_libraries_2019.1.144/mac/compiler/lib" "-o" "cmTC_6c01c" "-L/opt/intel/bin/../compilers_and_libraries/mac/bin/../../../compilers_and_libraries_2019.1.144/mac/compiler/lib" "-L/usr/lib" "-search_paths_first" "-headerpad_max_install_names" "-v" "CMakeFiles/cmTC_6c01c.dir/CMakeCCompilerABI.c.o" "/opt/intel/bin/../compilers_and_libraries/mac/bin/../../../compilers_and_libraries_2019.1.144/mac/compiler/lib/libimf.a" "/opt/intel/bin/../compilers_and_libraries/mac/bin/../../../compilers_and_libraries_2019.1.144/mac/compiler/lib/libsvml.a" "/opt/intel/bin/../compilers_and_libraries/mac/bin/../../../compilers_and_libraries_2019.1.144/mac/compiler/lib/libirng.a" "/opt/intel/bin/../compilers_and_libraries/mac/bin/../../../compilers_and_libraries_2019.1.144/mac/compiler/lib/libipgo.a" "/opt/intel/bin/../compilers_and_libraries/mac/bin/../../../compilers_and_libraries_2019.1.144/mac/compiler/lib/libdecimal.a" "-weak-lcilkrts" "-lc++" "-lSystem" "/opt/intel/bin/../compilers_and_libraries/mac/bin/../../../compilers_and_libraries_2019.1.144/mac/compiler/lib/libirc.a" "/opt/intel/bin/../compilers_and_libraries/mac/bin/../../../compilers_and_libraries_2019.1.144/mac/compiler/lib/libsvml.a" "/Library/Developer/CommandLineTools/usr/lib/clang/9.1.0/lib/darwin/libclang_rt.osx.a"" -mIPOPT_il_in_obj -mIPOPT_ipo_activate_warn=FALSE -mIPOPT_obj_output_file_name=/var/folders/m6/rgp7bqx501n_1vntv9ml8mqw0000gn/T/ipo_iccRbba4R.o -mIPOPT_whole_archive_fixup_file_name=/var/folders/m6/rgp7bqx501n_1vntv9ml8mqw0000gn/T/iccwarchMgDF9n -mGLOB_linker=/Library/Developer/CommandLineTools/usr/bin/ld -mGLOB_driver_tempfile_name=/var/folders/m6/rgp7bqx501n_1vntv9ml8mqw0000gn/T/icctempfileynym4Z -mGLOB_os_target=GLOB_OS_TARGET_MACH -mGLOB_async_unwind_tables=TRUE -mGLOB_obj_output_file=/var/folders/m6/rgp7bqx501n_1vntv9ml8mqw0000gn/T/ipo_iccRbba4R.o -mGLOB_source_dialect=GLOB_SOURCE_DIALECT_NONE -mP1OPT_source_file_name=ipo_out.c CMakeFiles/cmTC_6c01c.dir/CMakeCCompilerABI.c.o -mIPOPT_object_files=T -mIPOPT_assembly_files=/var/folders/m6/rgp7bqx501n_1vntv9ml8mqw0000gn/T/iccalisJNigl1 -mIPOPT_generated_tempfiles=/var/folders/m6/rgp7bqx501n_1vntv9ml8mqw0000gn/T/iccelisttWZhX -mIPOPT_embedded_object_base_name=/var/folders/m6/rgp7bqx501n_1vntv9ml8mqw0000gn/T/icceobjpD6T2B
/Library/Developer/CommandLineTools/usr/bin/ld    -dynamic -arch x86_64 -weak_reference_mismatches non-weak -macosx_version_min 10.14.2 -no_compact_unwind -keep_dwarf_unwind -rpath /opt/intel/bin/../compilers_and_libraries/mac/bin/../../../compilers_and_libraries_2019.1.144/mac/compiler/lib -o cmTC_6c01c -L/opt/intel/bin/../compilers_and_libraries/mac/bin/../../../compilers_and_libraries_2019.1.144/mac/compiler/lib -L/usr/lib CMakeFiles/cmTC_6c01c.dir/CMakeCCompilerABI.c.o -search_paths_first -headerpad_max_install_names -v /opt/intel/bin/../compilers_and_libraries/mac/bin/../../../compilers_and_libraries_2019.1.144/mac/compiler/lib/libimf.a /opt/intel/bin/../compilers_and_libraries/mac/bin/../../../compilers_and_libraries_2019.1.144/mac/compiler/lib/libsvml.a /opt/intel/bin/../compilers_and_libraries/mac/bin/../../../compilers_and_libraries_2019.1.144/mac/compiler/lib/libirng.a /opt/intel/bin/../compilers_and_libraries/mac/bin/../../../compilers_and_libraries_2019.1.144/mac/compiler/lib/libipgo.a /opt/intel/bin/../compilers_and_libraries/mac/bin/../../../compilers_and_libraries_2019.1.144/mac/compiler/lib/libdecimal.a -weak-lcilkrts -lc++ -lSystem /opt/intel/bin/../compilers_and_libraries/mac/bin/../../../compilers_and_libraries_2019.1.144/mac/compiler/lib/libirc.a /opt/intel/bin/../compilers_and_libraries/mac/bin/../../../compilers_and_libraries_2019.1.144/mac/compiler/lib/libsvml.a /Library/Developer/CommandLineTools/usr/lib/clang/9.1.0/lib/darwin/libclang_rt.osx.a
@(#)PROGRAM:ld  PROJECT:ld64-351.8
configured to support archs: armv6 armv7 armv7s arm64 i386 x86_64 x86_64h armv6m armv7k armv7m armv7em (tvOS)
Library search paths:
	/opt/intel/compilers_and_libraries_2019.1.144/mac/compiler/lib
	/usr/lib
	/usr/lib
	/usr/local/lib
Framework search paths:
	/Library/Frameworks/
	/System/Library/Frameworks/
ld: warning: URGENT: building for OSX, but linking against dylib (/usr/lib/libc++.dylib) built for (unknown). Note: This will be an error in the future.
ld: warning: URGENT: building for OSX, but linking against dylib (/usr/lib/libSystem.dylib) built for (unknown). Note: This will be an error in the future.


Parsed C implicit include dir info from above output: rv=done
  found start of include info
  found start of implicit include info
    add: [/opt/intel/bin/../compilers_and_libraries/mac/bin/../../../compilers_and_libraries_2019.1.144/mac/pstl/include]
    add: [/opt/intel/bin/../compilers_and_libraries/mac/bin/../../../compilers_and_libraries_2019.1.144/mac/compiler/include/icc]
    add: [/opt/intel/bin/../compilers_and_libraries/mac/bin/../../../compilers_and_libraries_2019.1.144/mac/compiler/include]
    add: [/System/Library/Frameworks]
    add: [/Library/Frameworks]
    add: [/Library/Developer/CommandLineTools/usr/lib/clang/9.1.0/include]
    add: [/usr/local/include]
    add: [/usr/include/]
    add: [/usr/include]
  end of search list found
  collapse include dir [/opt/intel/bin/../compilers_and_libraries/mac/bin/../../../compilers_and_libraries_2019.1.144/mac/pstl/include] ==> [/opt/intel/compilers_and_libraries_2019.1.144/mac/pstl/include]
  collapse include dir [/opt/intel/bin/../compilers_and_libraries/mac/bin/../../../compilers_and_libraries_2019.1.144/mac/compiler/include/icc] ==> [/opt/intel/compilers_and_libraries_2019.1.144/mac/compiler/include/icc]
  collapse include dir [/opt/intel/bin/../compilers_and_libraries/mac/bin/../../../compilers_and_libraries_2019.1.144/mac/compiler/include] ==> [/opt/intel/compilers_and_libraries_2019.1.144/mac/compiler/include]
  collapse include dir [/System/Library/Frameworks] ==> [/System/Library/Frameworks]
  collapse include dir [/Library/Frameworks] ==> [/Library/Frameworks]
  collapse include dir [/Library/Developer/CommandLineTools/usr/lib/clang/9.1.0/include] ==> [/Library/Developer/CommandLineTools/usr/lib/clang/9.1.0/include]
  collapse include dir [/usr/local/include] ==> [/usr/local/include]
  collapse include dir [/usr/include/] ==> [/usr/include]
  collapse include dir [/usr/include] ==> [/usr/include]
  implicit include dirs: [/opt/intel/compilers_and_libraries_2019.1.144/mac/pstl/include;/opt/intel/compilers_and_libraries_2019.1.144/mac/compiler/include/icc;/opt/intel/compilers_and_libraries_2019.1.144/mac/compiler/include;/System/Library/Frameworks;/Library/Frameworks;/Library/Developer/CommandLineTools/usr/lib/clang/9.1.0/include;/usr/local/include;/usr/include]


Parsed C implicit link information from above output:
  link line regex: [^( *|.*[/\])(ld|CMAKE_LINK_STARTFILE-NOTFOUND|([^/\]+-)?ld|collect2)[^/\]*( |$)]
  ignore line: [Change Dir: /Users/jinlianyuan/CLionProjects/SRTP/GuomiLib/cmake-build-debug/CMakeFiles/CMakeTmp]
  ignore line: []
  ignore line: [Run Build Command(s):/usr/bin/make cmTC_6c01c/fast ]
  ignore line: [/Library/Developer/CommandLineTools/usr/bin/make -f CMakeFiles/cmTC_6c01c.dir/build.make CMakeFiles/cmTC_6c01c.dir/build]
  ignore line: [Building C object CMakeFiles/cmTC_6c01c.dir/CMakeCCompilerABI.c.o]
  ignore line: [/opt/intel/bin/icc   -v -Wl,-v -o CMakeFiles/cmTC_6c01c.dir/CMakeCCompilerABI.c.o   -c /Applications/CLion.app/Contents/bin/cmake/mac/share/cmake-3.14/Modules/CMakeCCompilerABI.c]
  ignore line: [icc version 19.0 (gcc version 4.9.0 compatibility)]
  ignore line: [/opt/intel/bin/../compilers_and_libraries/mac/bin/../../../compilers_and_libraries_2019.1.144/mac/bin/intel64/mcpcom    --target_efi2 --lang=c -_g -mP3OPT_inline_alloca -D__ICC=1900 -D__INTEL_COMPILER=1900 -D__INTEL_COMPILER_UPDATE=0 -D__BLOCKS__ -D__SIZE_WIDTH__=64 -D__PTRDIFF_TYPE__=long "-D__SIZE_TYPE__=unsigned long" -D__WCHAR_TYPE__=int -D__WINT_TYPE__=int "-D__INTMAX_TYPE__=long int" "-D__UINTMAX_TYPE__=long unsigned int" -D__LONG_MAX__=9223372036854775807L -D__QMSPP_ -D__OPTIMIZE__ -D__NO_MATH_INLINES -D__NO_STRING_INLINES -D__GNUC_GNU_INLINE__ -D__GNUC__=4 -D__GNUC_MINOR__=9 -D__GNUC_PATCHLEVEL__=0 -D__clang__=1 -D__clang_patchlevel__=0 -D__clang_minor__=1 -D__clang_major__=9 -D__clang_version__="9.1.0" -D__APPLE_CC__=5226 -D__ENVIRONMENT_MAC_OS_X_VERSION_MIN_REQUIRED__=1142 -D__LITTLE_ENDIAN__ -D__DYNAMIC__ "-D__private_extern__=__attribute__((visibility("hidden")))" -D__LP64__ -D_LP64 -D__GXX_ABI_VERSION=1002 -D__USER_LABEL_PREFIX__=_ -D__REGISTER_PREFIX__= -D__INTEL_RTTI__ -D__x86_64 -D__x86_64__ -D__amd64 -D__amd64__ "-_Acpu(x86_64)" "-_Amachine(x86_64)" -D__INTEL_COMPILER_BUILD_DATE=20181018 -D__PIC__ -D__APPLE__ -D__MACH__ -D__pentium4 -D__pentium4__ -D__tune_pentium4__ -D__SSE2__ -D__SSE2_MATH__ -D__SSE3__ -D__SSSE3__ -D__SSE__ -D__SSE_MATH__ -D__MMX__ -_k -_8 -_l --has_new_stdarg_support -_D -_a -_b --gnu_version=40900 -_W5 --gcc-extern-inline --clang_version=30900 --openmp_simd --noopenmp_offload --multibyte_chars --blocks --clang_lib_extensions -D_LIBCPP_HAS_NO_VARIADICS -D_LIBCPP_HAS_NO_RVALUE_REFERENCES -mGLOB_diag_suppress_sys -I/opt/intel/bin/../compilers_and_libraries/mac/bin/../../../compilers_and_libraries_2019.1.144/mac/pstl/include --array_section --simd --simd_func --clang_extensions -mGLOB_em64t=TRUE -mP1OPT_version=19.0-intel64 -mGLOB_diag_file=CMakeFiles/cmTC_6c01c.dir/CMakeCCompilerABI.c.diag -mGLOB_diag_use_message_catalog=FALSE -mGLOB_long_size_64 -mGLOB_routine_pointer_size_64 -mP1OPT_print_version=FALSE -mCG_use_gas_got_workaround=F -mP2OPT_align_option_used=TRUE -mGLOB_gcc_version=490 "-mGLOB_options_string=-v -Wl,-v -o CMakeFiles/cmTC_6c01c.dir/CMakeCCompilerABI.c.o -c" -mGLOB_position_independent_code -mGLOB_preemption_model=1 -mGLOB_no_compact_unwind=TRUE -mGLOB_cxx_limited_range=FALSE -mCG_extend_parms=FALSE -mGLOB_compiler_bin_directory=/opt/intel/bin/../compilers_and_libraries/mac/bin/../../../compilers_and_libraries_2019.1.144/mac/bin/intel64 -mGLOB_as_output_backup_file_name=/var/folders/m6/rgp7bqx501n_1vntv9ml8mqw0000gn/T/iccRWqvCYas_.s -mIPOPT_activate -mIPOPT_lite -mGLOB_uarch_tuning=0x0 -mGLOB_product_id_code=0x22006d93 -mCG_bnl_movbe=T -mGLOB_extended_instructions=0x80 -mP3OPT_use_mspp_call_convention -mP2OPT_subs_out_of_bound=FALSE -mP2OPT_disam_type_based_disam=2 -mP2OPT_disam_assume_ansi_c -mP2OPT_checked_disam_ansi_alias=TRUE -mGLOB_ansi_alias -mPGOPTI_value_profile_use=T -mP2OPT_il0_array_sections=TRUE -mP2OPT_hlo_level=2 -mP2OPT_hlo -mP2OPT_hpo_rtt_control=0 -mIPOPT_args_in_regs=0 -mP2OPT_disam_assume_nonstd_intent_in=FALSE -mGLOB_imf_mapping_library=/opt/intel/bin/../compilers_and_libraries/mac/bin/../../../compilers_and_libraries_2019.1.144/mac/bin/intel64/libiml_attr.dylib -mPGOPTI_gen_threadsafe_level=0 -mIPOPT_obj_output_file_name=CMakeFiles/cmTC_6c01c.dir/CMakeCCompilerABI.c.o -mIPOPT_whole_archive_fixup_file_name=/var/folders/m6/rgp7bqx501n_1vntv9ml8mqw0000gn/T/iccwarchyV4hD3 -mGLOB_linker=/Library/Developer/CommandLineTools/usr/bin/ld -mGLOB_driver_tempfile_name=/var/folders/m6/rgp7bqx501n_1vntv9ml8mqw0000gn/T/icctempfileFpvtXy -mGLOB_os_target=GLOB_OS_TARGET_MACH -mGLOB_async_unwind_tables=TRUE -mGLOB_obj_output_file=CMakeFiles/cmTC_6c01c.dir/CMakeCCompilerABI.c.o -mGLOB_source_dialect=GLOB_SOURCE_DIALECT_C -mP1OPT_source_file_name=/Applications/CLion.app/Contents/bin/cmake/mac/share/cmake-3.14/Modules/CMakeCCompilerABI.c -mP1OPT_full_source_file_name=/Applications/CLion.app/Contents/bin/cmake/mac/share/cmake-3.14/Modules/CMakeCCompilerABI.c /Applications/CLion.app/Contents/bin/cmake/mac/share/cmake-3.14/Modules/CMakeCCompilerABI.c]
  ignore line: [#include "..." search starts here:]
  ignore line: [#include <...> search starts here:]
  ignore line: [ /opt/intel/bin/../compilers_and_libraries/mac/bin/../../../compilers_and_libraries_2019.1.144/mac/pstl/include]
  ignore line: [ /opt/intel/bin/../compilers_and_libraries/mac/bin/../../../compilers_and_libraries_2019.1.144/mac/compiler/include/icc]
  ignore line: [ /opt/intel/bin/../compilers_and_libraries/mac/bin/../../../compilers_and_libraries_2019.1.144/mac/compiler/include]
  ignore line: [ /System/Library/Frameworks]
  ignore line: [ /Library/Frameworks]
  ignore line: [ /Library/Developer/CommandLineTools/usr/lib/clang/9.1.0/include]
  ignore line: [ /usr/local/include]
  ignore line: [ /usr/include/]
  ignore line: [ /usr/include]
  ignore line: [End of search list.]
  ignore line: [Linking C executable cmTC_6c01c]
  ignore line: [/Applications/CLion.app/Contents/bin/cmake/mac/bin/cmake -E cmake_link_script CMakeFiles/cmTC_6c01c.dir/link.txt --verbose=1]
  ignore line: [/opt/intel/bin/icc   -Wl,-search_paths_first -Wl,-headerpad_max_install_names  -v -Wl,-v CMakeFiles/cmTC_6c01c.dir/CMakeCCompilerABI.c.o  -o cmTC_6c01c ]
  ignore line: [icc version 19.0 (gcc version 4.9.0 compatibility)]
  ignore line: [/opt/intel/bin/../compilers_and_libraries/mac/bin/../../../compilers_and_libraries_2019.1.144/mac/bin/intel64/mcpcom    -mGLOB_em64t=TRUE -mP1OPT_version=19.0-intel64 -mGLOB_diag_file=CMakeFiles/cmTC_6c01c.dir/CMakeCCompilerABI.c.diag -mGLOB_diag_use_message_catalog=FALSE -mGLOB_long_size_64 -mGLOB_routine_pointer_size_64 -mP1OPT_print_version=FALSE -mCG_use_gas_got_workaround=F -mP2OPT_align_option_used=TRUE -mGLOB_gcc_version=490 "-mGLOB_options_string=-Wl,-search_paths_first -Wl,-headerpad_max_install_names -v -Wl,-v -o cmTC_6c01c" -mGLOB_position_independent_code -mGLOB_preemption_model=1 -mGLOB_no_compact_unwind=TRUE -mGLOB_cxx_limited_range=FALSE -mCG_extend_parms=FALSE -mGLOB_compiler_bin_directory=/opt/intel/bin/../compilers_and_libraries/mac/bin/../../../compilers_and_libraries_2019.1.144/mac/bin/intel64 -mGLOB_as_output_backup_file_name=/var/folders/m6/rgp7bqx501n_1vntv9ml8mqw0000gn/T/iccL6pdZsas_.s -mGLOB_dashboard_use_source_name -mIPOPT_activate -mGLOB_product_id_code=0x22006d93 -mP3OPT_use_mspp_call_convention -mP2OPT_subs_out_of_bound=FALSE -mP2OPT_disam_type_based_disam=2 -mP2OPT_disam_assume_ansi_c -mP2OPT_checked_disam_ansi_alias=TRUE -mGLOB_ansi_alias -mPGOPTI_value_profile_use=T -mGLOB_opt_report_use_source_name -mP2OPT_il0_array_sections=TRUE -mP2OPT_hlo -mP2OPT_hpo_rtt_control=0 -mIPOPT_args_in_regs=0 -mP2OPT_disam_assume_nonstd_intent_in=FALSE -mGLOB_imf_mapping_library=/opt/intel/bin/../compilers_and_libraries/mac/bin/../../../compilers_and_libraries_2019.1.144/mac/bin/intel64/libiml_attr.dylib -mPGOPTI_gen_threadsafe_level=0 -mIPOPT_link -mIPOPT_ipo_activate -mIPOPT_mo_activate -mIPOPT_source_files_list=/var/folders/m6/rgp7bqx501n_1vntv9ml8mqw0000gn/T/iccslisQSfweI -mIPOPT_mo_global_data "-mIPOPT_cmdline_link="-dynamic" "-arch" "x86_64" "-weak_reference_mismatches" "non-weak" "-macosx_version_min" "10.14.2" "-no_compact_unwind" "-keep_dwarf_unwind" "-rpath" "/opt/intel/bin/../compilers_and_libraries/mac/bin/../../../compilers_and_libraries_2019.1.144/mac/compiler/lib" "-o" "cmTC_6c01c" "-L/opt/intel/bin/../compilers_and_libraries/mac/bin/../../../compilers_and_libraries_2019.1.144/mac/compiler/lib" "-L/usr/lib" "-search_paths_first" "-headerpad_max_install_names" "-v" "CMakeFiles/cmTC_6c01c.dir/CMakeCCompilerABI.c.o" "/opt/intel/bin/../compilers_and_libraries/mac/bin/../../../compilers_and_libraries_2019.1.144/mac/compiler/lib/libimf.a" "/opt/intel/bin/../compilers_and_libraries/mac/bin/../../../compilers_and_libraries_2019.1.144/mac/compiler/lib/libsvml.a" "/opt/intel/bin/../compilers_and_libraries/mac/bin/../../../compilers_and_libraries_2019.1.144/mac/compiler/lib/libirng.a" "/opt/intel/bin/../compilers_and_libraries/mac/bin/../../../compilers_and_libraries_2019.1.144/mac/compiler/lib/libipgo.a" "/opt/intel/bin/../compilers_and_libraries/mac/bin/../../../compilers_and_libraries_2019.1.144/mac/compiler/lib/libdecimal.a" "-weak-lcilkrts" "-lc++" "-lSystem" "/opt/intel/bin/../compilers_and_libraries/mac/bin/../../../compilers_and_libraries_2019.1.144/mac/compiler/lib/libirc.a" "/opt/intel/bin/../compilers_and_libraries/mac/bin/../../../compilers_and_libraries_2019.1.144/mac/compiler/lib/libsvml.a" "/Library/Developer/CommandLineTools/usr/lib/clang/9.1.0/lib/darwin/libclang_rt.osx.a"" -mIPOPT_il_in_obj -mIPOPT_ipo_activate_warn=FALSE -mIPOPT_obj_output_file_name=/var/folders/m6/rgp7bqx501n_1vntv9ml8mqw0000gn/T/ipo_iccRbba4R.o -mIPOPT_whole_archive_fixup_file_name=/var/folders/m6/rgp7bqx501n_1vntv9ml8mqw0000gn/T/iccwarchMgDF9n -mGLOB_linker=/Library/Developer/CommandLineTools/usr/bin/ld -mGLOB_driver_tempfile_name=/var/folders/m6/rgp7bqx501n_1vntv9ml8mqw0000gn/T/icctempfileynym4Z -mGLOB_os_target=GLOB_OS_TARGET_MACH -mGLOB_async_unwind_tables=TRUE -mGLOB_obj_output_file=/var/folders/m6/rgp7bqx501n_1vntv9ml8mqw0000gn/T/ipo_iccRbba4R.o -mGLOB_source_dialect=GLOB_SOURCE_DIALECT_NONE -mP1OPT_source_file_name=ipo_out.c CMakeFiles/cmTC_6c01c.dir/CMakeCCompilerABI.c.o -mIPOPT_object_files=T -mIPOPT_assembly_files=/var/folders/m6/rgp7bqx501n_1vntv9ml8mqw0000gn/T/iccalisJNigl1 -mIPOPT_generated_tempfiles=/var/folders/m6/rgp7bqx501n_1vntv9ml8mqw0000gn/T/iccelisttWZhX -mIPOPT_embedded_object_base_name=/var/folders/m6/rgp7bqx501n_1vntv9ml8mqw0000gn/T/icceobjpD6T2B]
  link line: [/Library/Developer/CommandLineTools/usr/bin/ld    -dynamic -arch x86_64 -weak_reference_mismatches non-weak -macosx_version_min 10.14.2 -no_compact_unwind -keep_dwarf_unwind -rpath /opt/intel/bin/../compilers_and_libraries/mac/bin/../../../compilers_and_libraries_2019.1.144/mac/compiler/lib -o cmTC_6c01c -L/opt/intel/bin/../compilers_and_libraries/mac/bin/../../../compilers_and_libraries_2019.1.144/mac/compiler/lib -L/usr/lib CMakeFiles/cmTC_6c01c.dir/CMakeCCompilerABI.c.o -search_paths_first -headerpad_max_install_names -v /opt/intel/bin/../compilers_and_libraries/mac/bin/../../../compilers_and_libraries_2019.1.144/mac/compiler/lib/libimf.a /opt/intel/bin/../compilers_and_libraries/mac/bin/../../../compilers_and_libraries_2019.1.144/mac/compiler/lib/libsvml.a /opt/intel/bin/../compilers_and_libraries/mac/bin/../../../compilers_and_libraries_2019.1.144/mac/compiler/lib/libirng.a /opt/intel/bin/../compilers_and_libraries/mac/bin/../../../compilers_and_libraries_2019.1.144/mac/compiler/lib/libipgo.a /opt/intel/bin/../compilers_and_libraries/mac/bin/../../../compilers_and_libraries_2019.1.144/mac/compiler/lib/libdecimal.a -weak-lcilkrts -lc++ -lSystem /opt/intel/bin/../compilers_and_libraries/mac/bin/../../../compilers_and_libraries_2019.1.144/mac/compiler/lib/libirc.a /opt/intel/bin/../compilers_and_libraries/mac/bin/../../../compilers_and_libraries_2019.1.144/mac/compiler/lib/libsvml.a /Library/Developer/CommandLineTools/usr/lib/clang/9.1.0/lib/darwin/libclang_rt.osx.a]
    arg [/Library/Developer/CommandLineTools/usr/bin/ld] ==> ignore
    arg [-dynamic] ==> ignore
    arg [-arch] ==> ignore
    arg [x86_64] ==> ignore
    arg [-weak_reference_mismatches] ==> ignore
    arg [non-weak] ==> ignore
    arg [-macosx_version_min] ==> ignore
    arg [10.14.2] ==> ignore
    arg [-no_compact_unwind] ==> ignore
    arg [-keep_dwarf_unwind] ==> ignore
    arg [-rpath] ==> ignore
    arg [/opt/intel/bin/../compilers_and_libraries/mac/bin/../../../compilers_and_libraries_2019.1.144/mac/compiler/lib] ==> ignore
    arg [-o] ==> ignore
    arg [cmTC_6c01c] ==> ignore
    arg [-L/opt/intel/bin/../compilers_and_libraries/mac/bin/../../../compilers_and_libraries_2019.1.144/mac/compiler/lib] ==> dir [/opt/intel/bin/../compilers_and_libraries/mac/bin/../../../compilers_and_libraries_2019.1.144/mac/compiler/lib]
    arg [-L/usr/lib] ==> dir [/usr/lib]
    arg [CMakeFiles/cmTC_6c01c.dir/CMakeCCompilerABI.c.o] ==> ignore
    arg [-search_paths_first] ==> ignore
    arg [-headerpad_max_install_names] ==> ignore
    arg [-v] ==> ignore
    arg [/opt/intel/bin/../compilers_and_libraries/mac/bin/../../../compilers_and_libraries_2019.1.144/mac/compiler/lib/libimf.a] ==> lib [/opt/intel/bin/../compilers_and_libraries/mac/bin/../../../compilers_and_libraries_2019.1.144/mac/compiler/lib/libimf.a]
    arg [/opt/intel/bin/../compilers_and_libraries/mac/bin/../../../compilers_and_libraries_2019.1.144/mac/compiler/lib/libsvml.a] ==> lib [/opt/intel/bin/../compilers_and_libraries/mac/bin/../../../compilers_and_libraries_2019.1.144/mac/compiler/lib/libsvml.a]
    arg [/opt/intel/bin/../compilers_and_libraries/mac/bin/../../../compilers_and_libraries_2019.1.144/mac/compiler/lib/libirng.a] ==> lib [/opt/intel/bin/../compilers_and_libraries/mac/bin/../../../compilers_and_libraries_2019.1.144/mac/compiler/lib/libirng.a]
    arg [/opt/intel/bin/../compilers_and_libraries/mac/bin/../../../compilers_and_libraries_2019.1.144/mac/compiler/lib/libipgo.a] ==> lib [/opt/intel/bin/../compilers_and_libraries/mac/bin/../../../compilers_and_libraries_2019.1.144/mac/compiler/lib/libipgo.a]
    arg [/opt/intel/bin/../compilers_and_libraries/mac/bin/../../../compilers_and_libraries_2019.1.144/mac/compiler/lib/libdecimal.a] ==> lib [/opt/intel/bin/../compilers_and_libraries/mac/bin/../../../compilers_and_libraries_2019.1.144/mac/compiler/lib/libdecimal.a]
    arg [-weak-lcilkrts] ==> ignore
    arg [-lc++] ==> lib [c++]
    arg [-lSystem] ==> lib [System]
    arg [/opt/intel/bin/../compilers_and_libraries/mac/bin/../../../compilers_and_libraries_2019.1.144/mac/compiler/lib/libirc.a] ==> lib [/opt/intel/bin/../compilers_and_libraries/mac/bin/../../../compilers_and_libraries_2019.1.144/mac/compiler/lib/libirc.a]
    arg [/opt/intel/bin/../compilers_and_libraries/mac/bin/../../../compilers_and_libraries_2019.1.144/mac/compiler/lib/libsvml.a] ==> lib [/opt/intel/bin/../compilers_and_libraries/mac/bin/../../../compilers_and_libraries_2019.1.144/mac/compiler/lib/libsvml.a]
    arg [/Library/Developer/CommandLineTools/usr/lib/clang/9.1.0/lib/darwin/libclang_rt.osx.a] ==> lib [/Library/Developer/CommandLineTools/usr/lib/clang/9.1.0/lib/darwin/libclang_rt.osx.a]
  Library search paths: [;/opt/intel/compilers_and_libraries_2019.1.144/mac/compiler/lib;/usr/lib;/usr/lib;/usr/local/lib]
  Framework search paths: [;/Library/Frameworks/;/System/Library/Frameworks/]
  collapse lib [/opt/intel/bin/../compilers_and_libraries/mac/bin/../../../compilers_and_libraries_2019.1.144/mac/compiler/lib/libimf.a] ==> [/opt/intel/compilers_and_libraries_2019.1.144/mac/compiler/lib/libimf.a]
  collapse lib [/opt/intel/bin/../compilers_and_libraries/mac/bin/../../../compilers_and_libraries_2019.1.144/mac/compiler/lib/libsvml.a] ==> [/opt/intel/compilers_and_libraries_2019.1.144/mac/compiler/lib/libsvml.a]
  collapse lib [/opt/intel/bin/../compilers_and_libraries/mac/bin/../../../compilers_and_libraries_2019.1.144/mac/compiler/lib/libirng.a] ==> [/opt/intel/compilers_and_libraries_2019.1.144/mac/compiler/lib/libirng.a]
  collapse lib [/opt/intel/bin/../compilers_and_libraries/mac/bin/../../../compilers_and_libraries_2019.1.144/mac/compiler/lib/libipgo.a] ==> [/opt/intel/compilers_and_libraries_2019.1.144/mac/compiler/lib/libipgo.a]
  collapse lib [/opt/intel/bin/../compilers_and_libraries/mac/bin/../../../compilers_and_libraries_2019.1.144/mac/compiler/lib/libdecimal.a] ==> [/opt/intel/compilers_and_libraries_2019.1.144/mac/compiler/lib/libdecimal.a]
  remove lib [System]
  collapse lib [/opt/intel/bin/../compilers_and_libraries/mac/bin/../../../compilers_and_libraries_2019.1.144/mac/compiler/lib/libirc.a] ==> [/opt/intel/compilers_and_libraries_2019.1.144/mac/compiler/lib/libirc.a]
  collapse lib [/opt/intel/bin/../compilers_and_libraries/mac/bin/../../../compilers_and_libraries_2019.1.144/mac/compiler/lib/libsvml.a] ==> [/opt/intel/compilers_and_libraries_2019.1.144/mac/compiler/lib/libsvml.a]
  remove lib [/Library/Developer/CommandLineTools/usr/lib/clang/9.1.0/lib/darwin/libclang_rt.osx.a]
  collapse library dir [/opt/intel/bin/../compilers_and_libraries/mac/bin/../../../compilers_and_libraries_2019.1.144/mac/compiler/lib] ==> [/opt/intel/compilers_and_libraries_2019.1.144/mac/compiler/lib]
  collapse library dir [/usr/lib] ==> [/usr/lib]
  collapse library dir [/opt/intel/compilers_and_libraries_2019.1.144/mac/compiler/lib] ==> [/opt/intel/compilers_and_libraries_2019.1.144/mac/compiler/lib]
  collapse library dir [/usr/lib] ==> [/usr/lib]
  collapse library dir [/usr/lib] ==> [/usr/lib]
  collapse library dir [/usr/local/lib] ==> [/usr/local/lib]
  collapse framework dir [/Library/Frameworks/] ==> [/Library/Frameworks]
  collapse framework dir [/System/Library/Frameworks/] ==> [/System/Library/Frameworks]
  implicit libs: [/opt/intel/compilers_and_libraries_2019.1.144/mac/compiler/lib/libimf.a;/opt/intel/compilers_and_libraries_2019.1.144/mac/compiler/lib/libsvml.a;/opt/intel/compilers_and_libraries_2019.1.144/mac/compiler/lib/libirng.a;/opt/intel/compilers_and_libraries_2019.1.144/mac/compiler/lib/libipgo.a;/opt/intel/compilers_and_libraries_2019.1.144/mac/compiler/lib/libdecimal.a;c++;/opt/intel/compilers_and_libraries_2019.1.144/mac/compiler/lib/libirc.a;/opt/intel/compilers_and_libraries_2019.1.144/mac/compiler/lib/libsvml.a]
  implicit dirs: [/opt/intel/compilers_and_libraries_2019.1.144/mac/compiler/lib;/usr/lib;/usr/local/lib]
  implicit fwks: [/Library/Frameworks;/System/Library/Frameworks]




Detecting C [-std=c11] compiler features compiled with the following output:
Change Dir: /Users/jinlianyuan/CLionProjects/SRTP/GuomiLib/cmake-build-debug/CMakeFiles/CMakeTmp

Run Build Command(s):/usr/bin/make cmTC_05d5f/fast 
/Library/Developer/CommandLineTools/usr/bin/make -f CMakeFiles/cmTC_05d5f.dir/build.make CMakeFiles/cmTC_05d5f.dir/build
Building C object CMakeFiles/cmTC_05d5f.dir/feature_tests.c.o
/opt/intel/bin/icc   -std=c11 -o CMakeFiles/cmTC_05d5f.dir/feature_tests.c.o   -c /Users/jinlianyuan/CLionProjects/SRTP/GuomiLib/cmake-build-debug/CMakeFiles/feature_tests.c
Linking C executable cmTC_05d5f
/Applications/CLion.app/Contents/bin/cmake/mac/bin/cmake -E cmake_link_script CMakeFiles/cmTC_05d5f.dir/link.txt --verbose=1
/opt/intel/bin/icc   -Wl,-search_paths_first -Wl,-headerpad_max_install_names   CMakeFiles/cmTC_05d5f.dir/feature_tests.c.o  -o cmTC_05d5f 
ld: warning: URGENT: building for OSX, but linking against dylib (/usr/lib/libc++.dylib) built for (unknown). Note: This will be an error in the future.
ld: warning: URGENT: building for OSX, but linking against dylib (/usr/lib/libSystem.dylib) built for (unknown). Note: This will be an error in the future.


    Feature record: C_FEATURE:1c_function_prototypes
    Feature record: C_FEATURE:1c_restrict
    Feature record: C_FEATURE:1c_static_assert
    Feature record: C_FEATURE:1c_variadic_macros


Detecting C [-std=c99] compiler features compiled with the following output:
Change Dir: /Users/jinlianyuan/CLionProjects/SRTP/GuomiLib/cmake-build-debug/CMakeFiles/CMakeTmp

Run Build Command(s):/usr/bin/make cmTC_b29af/fast 
/Library/Developer/CommandLineTools/usr/bin/make -f CMakeFiles/cmTC_b29af.dir/build.make CMakeFiles/cmTC_b29af.dir/build
Building C object CMakeFiles/cmTC_b29af.dir/feature_tests.c.o
/opt/intel/bin/icc   -std=c99 -o CMakeFiles/cmTC_b29af.dir/feature_tests.c.o   -c /Users/jinlianyuan/CLionProjects/SRTP/GuomiLib/cmake-build-debug/CMakeFiles/feature_tests.c
Linking C executable cmTC_b29af
/Applications/CLion.app/Contents/bin/cmake/mac/bin/cmake -E cmake_link_script CMakeFiles/cmTC_b29af.dir/link.txt --verbose=1
/opt/intel/bin/icc   -Wl,-search_paths_first -Wl,-headerpad_max_install_names   CMakeFiles/cmTC_b29af.dir/feature_tests.c.o  -o cmTC_b29af 
ld: warning: URGENT: building for OSX, but linking against dylib (/usr/lib/libc++.dylib) built for (unknown). Note: This will be an error in the future.
ld: warning: URGENT: building for OSX, but linking against dylib (/usr/lib/libSystem.dylib) built for (unknown). Note: This will be an error in the future.


    Feature record: C_FEATURE:1c_function_prototypes
    Feature record: C_FEATURE:1c_restrict
    Feature record: C_FEATURE:1c_static_assert
    Feature record: C_FEATURE:1c_variadic_macros


Detecting C [-std=c89] compiler features compiled with the following output:
Change Dir: /Users/jinlianyuan/CLionProjects/SRTP/GuomiLib/cmake-build-debug/CMakeFiles/CMakeTmp

Run Build Command(s):/usr/bin/make cmTC_7ddde/fast 
/Library/Developer/CommandLineTools/usr/bin/make -f CMakeFiles/cmTC_7ddde.dir/build.make CMakeFiles/cmTC_7ddde.dir/build
Building C object CMakeFiles/cmTC_7ddde.dir/feature_tests.c.o
/opt/intel/bin/icc   -std=c89 -o CMakeFiles/cmTC_7ddde.dir/feature_tests.c.o   -c /Users/jinlianyuan/CLionProjects/SRTP/GuomiLib/cmake-build-debug/CMakeFiles/feature_tests.c
Linking C executable cmTC_7ddde
/Applications/CLion.app/Contents/bin/cmake/mac/bin/cmake -E cmake_link_script CMakeFiles/cmTC_7ddde.dir/link.txt --verbose=1
/opt/intel/bin/icc   -Wl,-search_paths_first -Wl,-headerpad_max_install_names   CMakeFiles/cmTC_7ddde.dir/feature_tests.c.o  -o cmTC_7ddde 
ld: warning: URGENT: building for OSX, but linking against dylib (/usr/lib/libc++.dylib) built for (unknown). Note: This will be an error in the future.
ld: warning: URGENT: building for OSX, but linking against dylib (/usr/lib/libSystem.dylib) built for (unknown). Note: This will be an error in the future.


    Feature record: C_FEATURE:1c_function_prototypes
    Feature record: C_FEATURE:0c_restrict
    Feature record: C_FEATURE:0c_static_assert
    Feature record: C_FEATURE:0c_variadic_macros
Determining if the CXX compiler works passed with the following output:
Change Dir: /Users/jinlianyuan/CLionProjects/SRTP/GuomiLib/cmake-build-debug/CMakeFiles/CMakeTmp

Run Build Command(s):/usr/bin/make cmTC_45b92/fast 
/Library/Developer/CommandLineTools/usr/bin/make -f CMakeFiles/cmTC_45b92.dir/build.make CMakeFiles/cmTC_45b92.dir/build
Building CXX object CMakeFiles/cmTC_45b92.dir/testCXXCompiler.cxx.o
/opt/intel/bin/icpc     -o CMakeFiles/cmTC_45b92.dir/testCXXCompiler.cxx.o -c /Users/jinlianyuan/CLionProjects/SRTP/GuomiLib/cmake-build-debug/CMakeFiles/CMakeTmp/testCXXCompiler.cxx
Linking CXX executable cmTC_45b92
/Applications/CLion.app/Contents/bin/cmake/mac/bin/cmake -E cmake_link_script CMakeFiles/cmTC_45b92.dir/link.txt --verbose=1
/opt/intel/bin/icpc    -Wl,-search_paths_first -Wl,-headerpad_max_install_names   CMakeFiles/cmTC_45b92.dir/testCXXCompiler.cxx.o  -o cmTC_45b92 
ld: warning: URGENT: building for OSX, but linking against dylib (/usr/lib/libc++.dylib) built for (unknown). Note: This will be an error in the future.
ld: warning: URGENT: building for OSX, but linking against dylib (/usr/lib/libSystem.dylib) built for (unknown). Note: This will be an error in the future.


Detecting CXX compiler ABI info compiled with the following output:
Change Dir: /Users/jinlianyuan/CLionProjects/SRTP/GuomiLib/cmake-build-debug/CMakeFiles/CMakeTmp

Run Build Command(s):/usr/bin/make cmTC_de2b4/fast 
/Library/Developer/CommandLineTools/usr/bin/make -f CMakeFiles/cmTC_de2b4.dir/build.make CMakeFiles/cmTC_de2b4.dir/build
Building CXX object CMakeFiles/cmTC_de2b4.dir/CMakeCXXCompilerABI.cpp.o
/opt/intel/bin/icpc    -v -Wl,-v -o CMakeFiles/cmTC_de2b4.dir/CMakeCXXCompilerABI.cpp.o -c /Applications/CLion.app/Contents/bin/cmake/mac/share/cmake-3.14/Modules/CMakeCXXCompilerABI.cpp
icpc version 19.0 (gcc version 4.9.0 compatibility)
/opt/intel/bin/../compilers_and_libraries/mac/bin/../../../compilers_and_libraries_2019.1.144/mac/bin/intel64/mcpcom    --target_efi2 --lang=c++ -_g -mP3OPT_inline_alloca -D__ICC=1900 -D__INTEL_COMPILER=1900 -D__INTEL_COMPILER_UPDATE=0 -D__BLOCKS__ -D__SIZE_WIDTH__=64 -D__PTRDIFF_TYPE__=long "-D__SIZE_TYPE__=unsigned long" -D__WCHAR_TYPE__=int -D__WINT_TYPE__=int "-D__INTMAX_TYPE__=long int" "-D__UINTMAX_TYPE__=long unsigned int" -D__LONG_MAX__=9223372036854775807L -D__QMSPP_ -D__OPTIMIZE__ -D__NO_MATH_INLINES -D__NO_STRING_INLINES -D__GNUC_GNU_INLINE__ -D__GNUG__=4 -D__GNUC__=4 -D__GNUC_MINOR__=9 -D__GNUC_PATCHLEVEL__=0 -D__clang__=1 -D__clang_patchlevel__=0 -D__clang_minor__=1 -D__clang_major__=9 -D__clang_version__="9.1.0" -D__APPLE_CC__=5226 -D__ENVIRONMENT_MAC_OS_X_VERSION_MIN_REQUIRED__=1142 -D__LITTLE_ENDIAN__ -D__DYNAMIC__ -D__private_extern__=extern -D__LP64__ -D_LP64 -D_GNU_SOURCE=1 -D__DEPRECATED=1 -D__GXX_WEAK__=1 -D__GXX_ABI_VERSION=1002 -D__USER_LABEL_PREFIX__=_ -D__REGISTER_PREFIX__= -D__INTEL_RTTI__ -D__EXCEPTIONS=1 -D__x86_64 -D__x86_64__ -D__amd64 -D__amd64__ "-_Acpu(x86_64)" "-_Amachine(x86_64)" -D__INTEL_COMPILER_BUILD_DATE=20181018 -D__PIC__ -D__APPLE__ -D__MACH__ -D__pentium4 -D__pentium4__ -D__tune_pentium4__ -D__SSE2__ -D__SSE2_MATH__ -D__SSE3__ -D__SSSE3__ -D__SSE__ -D__SSE_MATH__ -D__MMX__ -_k -_8 -_l --has_new_stdarg_support -_D -_a -_b --gnu_version=40900 -_W5 --gcc-extern-inline --clang_version=30900 -p --bool -tused -x --openmp_simd --noopenmp_offload --multibyte_chars --blocks --clang_lib_extensions -D_LIBCPP_HAS_NO_VARIADICS -D_LIBCPP_HAS_NO_RVALUE_REFERENCES -mGLOB_diag_suppress_sys -I/opt/intel/bin/../compilers_and_libraries/mac/bin/../../../compilers_and_libraries_2019.1.144/mac/pstl/include --array_section --simd --simd_func --clang_extensions --bool -mGLOB_em64t=TRUE -mP1OPT_version=19.0-intel64 -mGLOB_diag_file=CMakeFiles/cmTC_de2b4.dir/CMakeCXXCompilerABI.cpp.diag -mGLOB_diag_use_message_catalog=FALSE -mGLOB_long_size_64 -mGLOB_routine_pointer_size_64 -mP1OPT_print_version=FALSE -mCG_use_gas_got_workaround=F -mP2OPT_align_option_used=TRUE -mGLOB_gcc_version=490 "-mGLOB_options_string=-v -Wl,-v -o CMakeFiles/cmTC_de2b4.dir/CMakeCXXCompilerABI.cpp.o -c" -mGLOB_position_independent_code -mGLOB_preemption_model=1 -mGLOB_no_compact_unwind=TRUE -mGLOB_cxx_limited_range=FALSE -mCG_extend_parms=FALSE -mGLOB_compiler_bin_directory=/opt/intel/bin/../compilers_and_libraries/mac/bin/../../../compilers_and_libraries_2019.1.144/mac/bin/intel64 -mGLOB_as_output_backup_file_name=/var/folders/m6/rgp7bqx501n_1vntv9ml8mqw0000gn/T/icpcgqr0Oeas_.s -mIPOPT_activate -mIPOPT_lite -mGLOB_uarch_tuning=0x0 -mGLOB_product_id_code=0x22006d90 -mCG_bnl_movbe=T -mGLOB_extended_instructions=0x80 -mP3OPT_use_mspp_call_convention -mP2OPT_subs_out_of_bound=FALSE -mP2OPT_disam_type_based_disam=2 -mP2OPT_disam_assume_ansi_c -mP2OPT_checked_disam_ansi_alias=TRUE -mGLOB_ansi_alias -mPGOPTI_value_profile_use=T -mP2OPT_il0_array_sections=TRUE -mP2OPT_hlo_level=2 -mP2OPT_hlo -mP2OPT_hpo_rtt_control=0 -mIPOPT_args_in_regs=0 -mP2OPT_disam_assume_nonstd_intent_in=FALSE -mGLOB_imf_mapping_library=/opt/intel/bin/../compilers_and_libraries/mac/bin/../../../compilers_and_libraries_2019.1.144/mac/bin/intel64/libiml_attr.dylib -mPGOPTI_gen_threadsafe_level=0 -mIPOPT_obj_output_file_name=CMakeFiles/cmTC_de2b4.dir/CMakeCXXCompilerABI.cpp.o -mIPOPT_whole_archive_fixup_file_name=/var/folders/m6/rgp7bqx501n_1vntv9ml8mqw0000gn/T/icpcwarchbXI99b -mGLOB_linker=/Library/Developer/CommandLineTools/usr/bin/ld -mGLOB_driver_tempfile_name=/var/folders/m6/rgp7bqx501n_1vntv9ml8mqw0000gn/T/icpctempfilei5nrh8 -mGLOB_os_target=GLOB_OS_TARGET_MACH -mGLOB_async_unwind_tables=TRUE -mGLOB_obj_output_file=CMakeFiles/cmTC_de2b4.dir/CMakeCXXCompilerABI.cpp.o -mGLOB_source_dialect=GLOB_SOURCE_DIALECT_C_PLUS_PLUS -mP1OPT_source_file_name=/Applications/CLion.app/Contents/bin/cmake/mac/share/cmake-3.14/Modules/CMakeCXXCompilerABI.cpp -mP1OPT_full_source_file_name=/Applications/CLion.app/Contents/bin/cmake/mac/share/cmake-3.14/Modules/CMakeCXXCompilerABI.cpp -mGLOB_eh_linux /Applications/CLion.app/Contents/bin/cmake/mac/share/cmake-3.14/Modules/CMakeCXXCompilerABI.cpp
#include "..." search starts here:
#include <...> search starts here:
 /opt/intel/bin/../compilers_and_libraries/mac/bin/../../../compilers_and_libraries_2019.1.144/mac/pstl/include
 /opt/intel/bin/../compilers_and_libraries/mac/bin/../../../compilers_and_libraries_2019.1.144/mac/compiler/include/icc
 /opt/intel/bin/../compilers_and_libraries/mac/bin/../../../compilers_and_libraries_2019.1.144/mac/compiler/include
 /Library/Developer/CommandLineTools/usr/include/c++/v1
 /System/Library/Frameworks
 /Library/Frameworks
 /Library/Developer/CommandLineTools/usr/lib/clang/9.1.0/include
 /usr/local/include
 /usr/include/
 /usr/include
End of search list.
Linking CXX executable cmTC_de2b4
/Applications/CLion.app/Contents/bin/cmake/mac/bin/cmake -E cmake_link_script CMakeFiles/cmTC_de2b4.dir/link.txt --verbose=1
/opt/intel/bin/icpc    -Wl,-search_paths_first -Wl,-headerpad_max_install_names  -v -Wl,-v CMakeFiles/cmTC_de2b4.dir/CMakeCXXCompilerABI.cpp.o  -o cmTC_de2b4 
icpc version 19.0 (gcc version 4.9.0 compatibility)
/opt/intel/bin/../compilers_and_libraries/mac/bin/../../../compilers_and_libraries_2019.1.144/mac/bin/intel64/mcpcom    -mGLOB_em64t=TRUE -mP1OPT_version=19.0-intel64 -mGLOB_diag_file=CMakeFiles/cmTC_de2b4.dir/CMakeCXXCompilerABI.cpp.diag -mGLOB_diag_use_message_catalog=FALSE -mGLOB_long_size_64 -mGLOB_routine_pointer_size_64 -mP1OPT_print_version=FALSE -mCG_use_gas_got_workaround=F -mP2OPT_align_option_used=TRUE -mGLOB_gcc_version=490 "-mGLOB_options_string=-Wl,-search_paths_first -Wl,-headerpad_max_install_names -v -Wl,-v -o cmTC_de2b4" -mGLOB_position_independent_code -mGLOB_preemption_model=1 -mGLOB_no_compact_unwind=TRUE -mGLOB_cxx_limited_range=FALSE -mCG_extend_parms=FALSE -mGLOB_compiler_bin_directory=/opt/intel/bin/../compilers_and_libraries/mac/bin/../../../compilers_and_libraries_2019.1.144/mac/bin/intel64 -mGLOB_as_output_backup_file_name=/var/folders/m6/rgp7bqx501n_1vntv9ml8mqw0000gn/T/icpcH6Y1GEas_.s -mGLOB_dashboard_use_source_name -mIPOPT_activate -mGLOB_product_id_code=0x22006d90 -mP3OPT_use_mspp_call_convention -mP2OPT_subs_out_of_bound=FALSE -mP2OPT_disam_type_based_disam=2 -mP2OPT_disam_assume_ansi_c -mP2OPT_checked_disam_ansi_alias=TRUE -mGLOB_ansi_alias -mPGOPTI_value_profile_use=T -mGLOB_opt_report_use_source_name -mP2OPT_il0_array_sections=TRUE -mP2OPT_hlo -mP2OPT_hpo_rtt_control=0 -mIPOPT_args_in_regs=0 -mP2OPT_disam_assume_nonstd_intent_in=FALSE -mGLOB_imf_mapping_library=/opt/intel/bin/../compilers_and_libraries/mac/bin/../../../compilers_and_libraries_2019.1.144/mac/bin/intel64/libiml_attr.dylib -mPGOPTI_gen_threadsafe_level=0 -mIPOPT_link -mIPOPT_ipo_activate -mIPOPT_mo_activate -mIPOPT_source_files_list=/var/folders/m6/rgp7bqx501n_1vntv9ml8mqw0000gn/T/icpcslispEXVmT -mIPOPT_mo_global_data "-mIPOPT_cmdline_link="-dynamic" "-arch" "x86_64" "-weak_reference_mismatches" "non-weak" "-macosx_version_min" "10.14.2" "-no_compact_unwind" "-keep_dwarf_unwind" "-rpath" "/opt/intel/bin/../compilers_and_libraries/mac/bin/../../../compilers_and_libraries_2019.1.144/mac/compiler/lib" "-o" "cmTC_de2b4" "-L/opt/intel/bin/../compilers_and_libraries/mac/bin/../../../compilers_and_libraries_2019.1.144/mac/compiler/lib" "-L/usr/lib" "-search_paths_first" "-headerpad_max_install_names" "-v" "CMakeFiles/cmTC_de2b4.dir/CMakeCXXCompilerABI.cpp.o" "/opt/intel/bin/../compilers_and_libraries/mac/bin/../../../compilers_and_libraries_2019.1.144/mac/compiler/lib/libimf.a" "/opt/intel/bin/../compilers_and_libraries/mac/bin/../../../compilers_and_libraries_2019.1.144/mac/compiler/lib/libsvml.a" "/opt/intel/bin/../compilers_and_libraries/mac/bin/../../../compilers_and_libraries_2019.1.144/mac/compiler/lib/libirng.a" "-lc++" "/opt/intel/bin/../compilers_and_libraries/mac/bin/../../../compilers_and_libraries_2019.1.144/mac/compiler/lib/libipgo.a" "/opt/intel/bin/../compilers_and_libraries/mac/bin/../../../compilers_and_libraries_2019.1.144/mac/compiler/lib/libdecimal.a" "-weak-lcilkrts" "-lc++" "-lSystem" "/opt/intel/bin/../compilers_and_libraries/mac/bin/../../../compilers_and_libraries_2019.1.144/mac/compiler/lib/libirc.a" "/opt/intel/bin/../compilers_and_libraries/mac/bin/../../../compilers_and_libraries_2019.1.144/mac/compiler/lib/libsvml.a" "/Library/Developer/CommandLineTools/usr/lib/clang/9.1.0/lib/darwin/libclang_rt.osx.a"" -mIPOPT_il_in_obj -mIPOPT_ipo_activate_warn=FALSE -mIPOPT_obj_output_file_name=/var/folders/m6/rgp7bqx501n_1vntv9ml8mqw0000gn/T/ipo_icpcrjnqOg.o -mIPOPT_whole_archive_fixup_file_name=/var/folders/m6/rgp7bqx501n_1vntv9ml8mqw0000gn/T/icpcwarchNZjhXE -mGLOB_linker=/Library/Developer/CommandLineTools/usr/bin/ld -mGLOB_driver_tempfile_name=/var/folders/m6/rgp7bqx501n_1vntv9ml8mqw0000gn/T/icpctempfileVdLfEk -mGLOB_os_target=GLOB_OS_TARGET_MACH -mGLOB_async_unwind_tables=TRUE -mGLOB_obj_output_file=/var/folders/m6/rgp7bqx501n_1vntv9ml8mqw0000gn/T/ipo_icpcrjnqOg.o -mGLOB_source_dialect=GLOB_SOURCE_DIALECT_NONE -mP1OPT_source_file_name=ipo_out.c CMakeFiles/cmTC_de2b4.dir/CMakeCXXCompilerABI.cpp.o -mIPOPT_object_files=T -mIPOPT_assembly_files=/var/folders/m6/rgp7bqx501n_1vntv9ml8mqw0000gn/T/icpcalis6PS0g3 -mIPOPT_generated_tempfiles=/var/folders/m6/rgp7bqx501n_1vntv9ml8mqw0000gn/T/icpcelisyiIEUn -mIPOPT_embedded_object_base_name=/var/folders/m6/rgp7bqx501n_1vntv9ml8mqw0000gn/T/icpceobjwCZuPv
/Library/Developer/CommandLineTools/usr/bin/ld    -dynamic -arch x86_64 -weak_reference_mismatches non-weak -macosx_version_min 10.14.2 -no_compact_unwind -keep_dwarf_unwind -rpath /opt/intel/bin/../compilers_and_libraries/mac/bin/../../../compilers_and_libraries_2019.1.144/mac/compiler/lib -o cmTC_de2b4 -L/opt/intel/bin/../compilers_and_libraries/mac/bin/../../../compilers_and_libraries_2019.1.144/mac/compiler/lib -L/usr/lib CMakeFiles/cmTC_de2b4.dir/CMakeCXXCompilerABI.cpp.o -search_paths_first -headerpad_max_install_names -v /opt/intel/bin/../compilers_and_libraries/mac/bin/../../../compilers_and_libraries_2019.1.144/mac/compiler/lib/libimf.a /opt/intel/bin/../compilers_and_libraries/mac/bin/../../../compilers_and_libraries_2019.1.144/mac/compiler/lib/libsvml.a /opt/intel/bin/../compilers_and_libraries/mac/bin/../../../compilers_and_libraries_2019.1.144/mac/compiler/lib/libirng.a -lc++ /opt/intel/bin/../compilers_and_libraries/mac/bin/../../../compilers_and_libraries_2019.1.144/mac/compiler/lib/libipgo.a /opt/intel/bin/../compilers_and_libraries/mac/bin/../../../compilers_and_libraries_2019.1.144/mac/compiler/lib/libdecimal.a -weak-lcilkrts -lc++ -lSystem /opt/intel/bin/../compilers_and_libraries/mac/bin/../../../compilers_and_libraries_2019.1.144/mac/compiler/lib/libirc.a /opt/intel/bin/../compilers_and_libraries/mac/bin/../../../compilers_and_libraries_2019.1.144/mac/compiler/lib/libsvml.a /Library/Developer/CommandLineTools/usr/lib/clang/9.1.0/lib/darwin/libclang_rt.osx.a
@(#)PROGRAM:ld  PROJECT:ld64-351.8
configured to support archs: armv6 armv7 armv7s arm64 i386 x86_64 x86_64h armv6m armv7k armv7m armv7em (tvOS)
Library search paths:
	/opt/intel/compilers_and_libraries_2019.1.144/mac/compiler/lib
	/usr/lib
	/usr/lib
	/usr/local/lib
Framework search paths:
	/Library/Frameworks/
	/System/Library/Frameworks/
ld: warning: URGENT: building for OSX, but linking against dylib (/usr/lib/libc++.dylib) built for (unknown). Note: This will be an error in the future.
ld: warning: URGENT: building for OSX, but linking against dylib (/usr/lib/libSystem.dylib) built for (unknown). Note: This will be an error in the future.


Parsed CXX implicit include dir info from above output: rv=done
  found start of include info
  found start of implicit include info
    add: [/opt/intel/bin/../compilers_and_libraries/mac/bin/../../../compilers_and_libraries_2019.1.144/mac/pstl/include]
    add: [/opt/intel/bin/../compilers_and_libraries/mac/bin/../../../compilers_and_libraries_2019.1.144/mac/compiler/include/icc]
    add: [/opt/intel/bin/../compilers_and_libraries/mac/bin/../../../compilers_and_libraries_2019.1.144/mac/compiler/include]
    add: [/Library/Developer/CommandLineTools/usr/include/c++/v1]
    add: [/System/Library/Frameworks]
    add: [/Library/Frameworks]
    add: [/Library/Developer/CommandLineTools/usr/lib/clang/9.1.0/include]
    add: [/usr/local/include]
    add: [/usr/include/]
    add: [/usr/include]
  end of search list found
  collapse include dir [/opt/intel/bin/../compilers_and_libraries/mac/bin/../../../compilers_and_libraries_2019.1.144/mac/pstl/include] ==> [/opt/intel/compilers_and_libraries_2019.1.144/mac/pstl/include]
  collapse include dir [/opt/intel/bin/../compilers_and_libraries/mac/bin/../../../compilers_and_libraries_2019.1.144/mac/compiler/include/icc] ==> [/opt/intel/compilers_and_libraries_2019.1.144/mac/compiler/include/icc]
  collapse include dir [/opt/intel/bin/../compilers_and_libraries/mac/bin/../../../compilers_and_libraries_2019.1.144/mac/compiler/include] ==> [/opt/intel/compilers_and_libraries_2019.1.144/mac/compiler/include]
  collapse include dir [/Library/Developer/CommandLineTools/usr/include/c++/v1] ==> [/Library/Developer/CommandLineTools/usr/include/c++/v1]
  collapse include dir [/System/Library/Frameworks] ==> [/System/Library/Frameworks]
  collapse include dir [/Library/Frameworks] ==> [/Library/Frameworks]
  collapse include dir [/Library/Developer/CommandLineTools/usr/lib/clang/9.1.0/include] ==> [/Library/Developer/CommandLineTools/usr/lib/clang/9.1.0/include]
  collapse include dir [/usr/local/include] ==> [/usr/local/include]
  collapse include dir [/usr/include/] ==> [/usr/include]
  collapse include dir [/usr/include] ==> [/usr/include]
  implicit include dirs: [/opt/intel/compilers_and_libraries_2019.1.144/mac/pstl/include;/opt/intel/compilers_and_libraries_2019.1.144/mac/compiler/include/icc;/opt/intel/compilers_and_libraries_2019.1.144/mac/compiler/include;/Library/Developer/CommandLineTools/usr/include/c++/v1;/System/Library/Frameworks;/Library/Frameworks;/Library/Developer/CommandLineTools/usr/lib/clang/9.1.0/include;/usr/local/include;/usr/include]


Parsed CXX implicit link information from above output:
  link line regex: [^( *|.*[/\])(ld|CMAKE_LINK_STARTFILE-NOTFOUND|([^/\]+-)?ld|collect2)[^/\]*( |$)]
  ignore line: [Change Dir: /Users/jinlianyuan/CLionProjects/SRTP/GuomiLib/cmake-build-debug/CMakeFiles/CMakeTmp]
  ignore line: []
  ignore line: [Run Build Command(s):/usr/bin/make cmTC_de2b4/fast ]
  ignore line: [/Library/Developer/CommandLineTools/usr/bin/make -f CMakeFiles/cmTC_de2b4.dir/build.make CMakeFiles/cmTC_de2b4.dir/build]
  ignore line: [Building CXX object CMakeFiles/cmTC_de2b4.dir/CMakeCXXCompilerABI.cpp.o]
  ignore line: [/opt/intel/bin/icpc    -v -Wl,-v -o CMakeFiles/cmTC_de2b4.dir/CMakeCXXCompilerABI.cpp.o -c /Applications/CLion.app/Contents/bin/cmake/mac/share/cmake-3.14/Modules/CMakeCXXCompilerABI.cpp]
  ignore line: [icpc version 19.0 (gcc version 4.9.0 compatibility)]
  ignore line: [/opt/intel/bin/../compilers_and_libraries/mac/bin/../../../compilers_and_libraries_2019.1.144/mac/bin/intel64/mcpcom    --target_efi2 --lang=c++ -_g -mP3OPT_inline_alloca -D__ICC=1900 -D__INTEL_COMPILER=1900 -D__INTEL_COMPILER_UPDATE=0 -D__BLOCKS__ -D__SIZE_WIDTH__=64 -D__PTRDIFF_TYPE__=long "-D__SIZE_TYPE__=unsigned long" -D__WCHAR_TYPE__=int -D__WINT_TYPE__=int "-D__INTMAX_TYPE__=long int" "-D__UINTMAX_TYPE__=long unsigned int" -D__LONG_MAX__=9223372036854775807L -D__QMSPP_ -D__OPTIMIZE__ -D__NO_MATH_INLINES -D__NO_STRING_INLINES -D__GNUC_GNU_INLINE__ -D__GNUG__=4 -D__GNUC__=4 -D__GNUC_MINOR__=9 -D__GNUC_PATCHLEVEL__=0 -D__clang__=1 -D__clang_patchlevel__=0 -D__clang_minor__=1 -D__clang_major__=9 -D__clang_version__="9.1.0" -D__APPLE_CC__=5226 -D__ENVIRONMENT_MAC_OS_X_VERSION_MIN_REQUIRED__=1142 -D__LITTLE_ENDIAN__ -D__DYNAMIC__ -D__private_extern__=extern -D__LP64__ -D_LP64 -D_GNU_SOURCE=1 -D__DEPRECATED=1 -D__GXX_WEAK__=1 -D__GXX_ABI_VERSION=1002 -D__USER_LABEL_PREFIX__=_ -D__REGISTER_PREFIX__= -D__INTEL_RTTI__ -D__EXCEPTIONS=1 -D__x86_64 -D__x86_64__ -D__amd64 -D__amd64__ "-_Acpu(x86_64)" "-_Amachine(x86_64)" -D__INTEL_COMPILER_BUILD_DATE=20181018 -D__PIC__ -D__APPLE__ -D__MACH__ -D__pentium4 -D__pentium4__ -D__tune_pentium4__ -D__SSE2__ -D__SSE2_MATH__ -D__SSE3__ -D__SSSE3__ -D__SSE__ -D__SSE_MATH__ -D__MMX__ -_k -_8 -_l --has_new_stdarg_support -_D -_a -_b --gnu_version=40900 -_W5 --gcc-extern-inline --clang_version=30900 -p --bool -tused -x --openmp_simd --noopenmp_offload --multibyte_chars --blocks --clang_lib_extensions -D_LIBCPP_HAS_NO_VARIADICS -D_LIBCPP_HAS_NO_RVALUE_REFERENCES -mGLOB_diag_suppress_sys -I/opt/intel/bin/../compilers_and_libraries/mac/bin/../../../compilers_and_libraries_2019.1.144/mac/pstl/include --array_section --simd --simd_func --clang_extensions --bool -mGLOB_em64t=TRUE -mP1OPT_version=19.0-intel64 -mGLOB_diag_file=CMakeFiles/cmTC_de2b4.dir/CMakeCXXCompilerABI.cpp.diag -mGLOB_diag_use_message_catalog=FALSE -mGLOB_long_size_64 -mGLOB_routine_pointer_size_64 -mP1OPT_print_version=FALSE -mCG_use_gas_got_workaround=F -mP2OPT_align_option_used=TRUE -mGLOB_gcc_version=490 "-mGLOB_options_string=-v -Wl,-v -o CMakeFiles/cmTC_de2b4.dir/CMakeCXXCompilerABI.cpp.o -c" -mGLOB_position_independent_code -mGLOB_preemption_model=1 -mGLOB_no_compact_unwind=TRUE -mGLOB_cxx_limited_range=FALSE -mCG_extend_parms=FALSE -mGLOB_compiler_bin_directory=/opt/intel/bin/../compilers_and_libraries/mac/bin/../../../compilers_and_libraries_2019.1.144/mac/bin/intel64 -mGLOB_as_output_backup_file_name=/var/folders/m6/rgp7bqx501n_1vntv9ml8mqw0000gn/T/icpcgqr0Oeas_.s -mIPOPT_activate -mIPOPT_lite -mGLOB_uarch_tuning=0x0 -mGLOB_product_id_code=0x22006d90 -mCG_bnl_movbe=T -mGLOB_extended_instructions=0x80 -mP3OPT_use_mspp_call_convention -mP2OPT_subs_out_of_bound=FALSE -mP2OPT_disam_type_based_disam=2 -mP2OPT_disam_assume_ansi_c -mP2OPT_checked_disam_ansi_alias=TRUE -mGLOB_ansi_alias -mPGOPTI_value_profile_use=T -mP2OPT_il0_array_sections=TRUE -mP2OPT_hlo_level=2 -mP2OPT_hlo -mP2OPT_hpo_rtt_control=0 -mIPOPT_args_in_regs=0 -mP2OPT_disam_assume_nonstd_intent_in=FALSE -mGLOB_imf_mapping_library=/opt/intel/bin/../compilers_and_libraries/mac/bin/../../../compilers_and_libraries_2019.1.144/mac/bin/intel64/libiml_attr.dylib -mPGOPTI_gen_threadsafe_level=0 -mIPOPT_obj_output_file_name=CMakeFiles/cmTC_de2b4.dir/CMakeCXXCompilerABI.cpp.o -mIPOPT_whole_archive_fixup_file_name=/var/folders/m6/rgp7bqx501n_1vntv9ml8mqw0000gn/T/icpcwarchbXI99b -mGLOB_linker=/Library/Developer/CommandLineTools/usr/bin/ld -mGLOB_driver_tempfile_name=/var/folders/m6/rgp7bqx501n_1vntv9ml8mqw0000gn/T/icpctempfilei5nrh8 -mGLOB_os_target=GLOB_OS_TARGET_MACH -mGLOB_async_unwind_tables=TRUE -mGLOB_obj_output_file=CMakeFiles/cmTC_de2b4.dir/CMakeCXXCompilerABI.cpp.o -mGLOB_source_dialect=GLOB_SOURCE_DIALECT_C_PLUS_PLUS -mP1OPT_source_file_name=/Applications/CLion.app/Contents/bin/cmake/mac/share/cmake-3.14/Modules/CMakeCXXCompilerABI.cpp -mP1OPT_full_source_file_name=/Applications/CLion.app/Contents/bin/cmake/mac/share/cmake-3.14/Modules/CMakeCXXCompilerABI.cpp -mGLOB_eh_linux /Applications/CLion.app/Contents/bin/cmake/mac/share/cmake-3.14/Modules/CMakeCXXCompilerABI.cpp]
  ignore line: [#include "..." search starts here:]
  ignore line: [#include <...> search starts here:]
  ignore line: [ /opt/intel/bin/../compilers_and_libraries/mac/bin/../../../compilers_and_libraries_2019.1.144/mac/pstl/include]
  ignore line: [ /opt/intel/bin/../compilers_and_libraries/mac/bin/../../../compilers_and_libraries_2019.1.144/mac/compiler/include/icc]
  ignore line: [ /opt/intel/bin/../compilers_and_libraries/mac/bin/../../../compilers_and_libraries_2019.1.144/mac/compiler/include]
  ignore line: [ /Library/Developer/CommandLineTools/usr/include/c++/v1]
  ignore line: [ /System/Library/Frameworks]
  ignore line: [ /Library/Frameworks]
  ignore line: [ /Library/Developer/CommandLineTools/usr/lib/clang/9.1.0/include]
  ignore line: [ /usr/local/include]
  ignore line: [ /usr/include/]
  ignore line: [ /usr/include]
  ignore line: [End of search list.]
  ignore line: [Linking CXX executable cmTC_de2b4]
  ignore line: [/Applications/CLion.app/Contents/bin/cmake/mac/bin/cmake -E cmake_link_script CMakeFiles/cmTC_de2b4.dir/link.txt --verbose=1]
  ignore line: [/opt/intel/bin/icpc    -Wl,-search_paths_first -Wl,-headerpad_max_install_names  -v -Wl,-v CMakeFiles/cmTC_de2b4.dir/CMakeCXXCompilerABI.cpp.o  -o cmTC_de2b4 ]
  ignore line: [icpc version 19.0 (gcc version 4.9.0 compatibility)]
  ignore line: [/opt/intel/bin/../compilers_and_libraries/mac/bin/../../../compilers_and_libraries_2019.1.144/mac/bin/intel64/mcpcom    -mGLOB_em64t=TRUE -mP1OPT_version=19.0-intel64 -mGLOB_diag_file=CMakeFiles/cmTC_de2b4.dir/CMakeCXXCompilerABI.cpp.diag -mGLOB_diag_use_message_catalog=FALSE -mGLOB_long_size_64 -mGLOB_routine_pointer_size_64 -mP1OPT_print_version=FALSE -mCG_use_gas_got_workaround=F -mP2OPT_align_option_used=TRUE -mGLOB_gcc_version=490 "-mGLOB_options_string=-Wl,-search_paths_first -Wl,-headerpad_max_install_names -v -Wl,-v -o cmTC_de2b4" -mGLOB_position_independent_code -mGLOB_preemption_model=1 -mGLOB_no_compact_unwind=TRUE -mGLOB_cxx_limited_range=FALSE -mCG_extend_parms=FALSE -mGLOB_compiler_bin_directory=/opt/intel/bin/../compilers_and_libraries/mac/bin/../../../compilers_and_libraries_2019.1.144/mac/bin/intel64 -mGLOB_as_output_backup_file_name=/var/folders/m6/rgp7bqx501n_1vntv9ml8mqw0000gn/T/icpcH6Y1GEas_.s -mGLOB_dashboard_use_source_name -mIPOPT_activate -mGLOB_product_id_code=0x22006d90 -mP3OPT_use_mspp_call_convention -mP2OPT_subs_out_of_bound=FALSE -mP2OPT_disam_type_based_disam=2 -mP2OPT_disam_assume_ansi_c -mP2OPT_checked_disam_ansi_alias=TRUE -mGLOB_ansi_alias -mPGOPTI_value_profile_use=T -mGLOB_opt_report_use_source_name -mP2OPT_il0_array_sections=TRUE -mP2OPT_hlo -mP2OPT_hpo_rtt_control=0 -mIPOPT_args_in_regs=0 -mP2OPT_disam_assume_nonstd_intent_in=FALSE -mGLOB_imf_mapping_library=/opt/intel/bin/../compilers_and_libraries/mac/bin/../../../compilers_and_libraries_2019.1.144/mac/bin/intel64/libiml_attr.dylib -mPGOPTI_gen_threadsafe_level=0 -mIPOPT_link -mIPOPT_ipo_activate -mIPOPT_mo_activate -mIPOPT_source_files_list=/var/folders/m6/rgp7bqx501n_1vntv9ml8mqw0000gn/T/icpcslispEXVmT -mIPOPT_mo_global_data "-mIPOPT_cmdline_link="-dynamic" "-arch" "x86_64" "-weak_reference_mismatches" "non-weak" "-macosx_version_min" "10.14.2" "-no_compact_unwind" "-keep_dwarf_unwind" "-rpath" "/opt/intel/bin/../compilers_and_libraries/mac/bin/../../../compilers_and_libraries_2019.1.144/mac/compiler/lib" "-o" "cmTC_de2b4" "-L/opt/intel/bin/../compilers_and_libraries/mac/bin/../../../compilers_and_libraries_2019.1.144/mac/compiler/lib" "-L/usr/lib" "-search_paths_first" "-headerpad_max_install_names" "-v" "CMakeFiles/cmTC_de2b4.dir/CMakeCXXCompilerABI.cpp.o" "/opt/intel/bin/../compilers_and_libraries/mac/bin/../../../compilers_and_libraries_2019.1.144/mac/compiler/lib/libimf.a" "/opt/intel/bin/../compilers_and_libraries/mac/bin/../../../compilers_and_libraries_2019.1.144/mac/compiler/lib/libsvml.a" "/opt/intel/bin/../compilers_and_libraries/mac/bin/../../../compilers_and_libraries_2019.1.144/mac/compiler/lib/libirng.a" "-lc++" "/opt/intel/bin/../compilers_and_libraries/mac/bin/../../../compilers_and_libraries_2019.1.144/mac/compiler/lib/libipgo.a" "/opt/intel/bin/../compilers_and_libraries/mac/bin/../../../compilers_and_libraries_2019.1.144/mac/compiler/lib/libdecimal.a" "-weak-lcilkrts" "-lc++" "-lSystem" "/opt/intel/bin/../compilers_and_libraries/mac/bin/../../../compilers_and_libraries_2019.1.144/mac/compiler/lib/libirc.a" "/opt/intel/bin/../compilers_and_libraries/mac/bin/../../../compilers_and_libraries_2019.1.144/mac/compiler/lib/libsvml.a" "/Library/Developer/CommandLineTools/usr/lib/clang/9.1.0/lib/darwin/libclang_rt.osx.a"" -mIPOPT_il_in_obj -mIPOPT_ipo_activate_warn=FALSE -mIPOPT_obj_output_file_name=/var/folders/m6/rgp7bqx501n_1vntv9ml8mqw0000gn/T/ipo_icpcrjnqOg.o -mIPOPT_whole_archive_fixup_file_name=/var/folders/m6/rgp7bqx501n_1vntv9ml8mqw0000gn/T/icpcwarchNZjhXE -mGLOB_linker=/Library/Developer/CommandLineTools/usr/bin/ld -mGLOB_driver_tempfile_name=/var/folders/m6/rgp7bqx501n_1vntv9ml8mqw0000gn/T/icpctempfileVdLfEk -mGLOB_os_target=GLOB_OS_TARGET_MACH -mGLOB_async_unwind_tables=TRUE -mGLOB_obj_output_file=/var/folders/m6/rgp7bqx501n_1vntv9ml8mqw0000gn/T/ipo_icpcrjnqOg.o -mGLOB_source_dialect=GLOB_SOURCE_DIALECT_NONE -mP1OPT_source_file_name=ipo_out.c CMakeFiles/cmTC_de2b4.dir/CMakeCXXCompilerABI.cpp.o -mIPOPT_object_files=T -mIPOPT_assembly_files=/var/folders/m6/rgp7bqx501n_1vntv9ml8mqw0000gn/T/icpcalis6PS0g3 -mIPOPT_generated_tempfiles=/var/folders/m6/rgp7bqx501n_1vntv9ml8mqw0000gn/T/icpcelisyiIEUn -mIPOPT_embedded_object_base_name=/var/folders/m6/rgp7bqx501n_1vntv9ml8mqw0000gn/T/icpceobjwCZuPv]
  link line: [/Library/Developer/CommandLineTools/usr/bin/ld    -dynamic -arch x86_64 -weak_reference_mismatches non-weak -macosx_version_min 10.14.2 -no_compact_unwind -keep_dwarf_unwind -rpath /opt/intel/bin/../compilers_and_libraries/mac/bin/../../../compilers_and_libraries_2019.1.144/mac/compiler/lib -o cmTC_de2b4 -L/opt/intel/bin/../compilers_and_libraries/mac/bin/../../../compilers_and_libraries_2019.1.144/mac/compiler/lib -L/usr/lib CMakeFiles/cmTC_de2b4.dir/CMakeCXXCompilerABI.cpp.o -search_paths_first -headerpad_max_install_names -v /opt/intel/bin/../compilers_and_libraries/mac/bin/../../../compilers_and_libraries_2019.1.144/mac/compiler/lib/libimf.a /opt/intel/bin/../compilers_and_libraries/mac/bin/../../../compilers_and_libraries_2019.1.144/mac/compiler/lib/libsvml.a /opt/intel/bin/../compilers_and_libraries/mac/bin/../../../compilers_and_libraries_2019.1.144/mac/compiler/lib/libirng.a -lc++ /opt/intel/bin/../compilers_and_libraries/mac/bin/../../../compilers_and_libraries_2019.1.144/mac/compiler/lib/libipgo.a /opt/intel/bin/../compilers_and_libraries/mac/bin/../../../compilers_and_libraries_2019.1.144/mac/compiler/lib/libdecimal.a -weak-lcilkrts -lc++ -lSystem /opt/intel/bin/../compilers_and_libraries/mac/bin/../../../compilers_and_libraries_2019.1.144/mac/compiler/lib/libirc.a /opt/intel/bin/../compilers_and_libraries/mac/bin/../../../compilers_and_libraries_2019.1.144/mac/compiler/lib/libsvml.a /Library/Developer/CommandLineTools/usr/lib/clang/9.1.0/lib/darwin/libclang_rt.osx.a]
    arg [/Library/Developer/CommandLineTools/usr/bin/ld] ==> ignore
    arg [-dynamic] ==> ignore
    arg [-arch] ==> ignore
    arg [x86_64] ==> ignore
    arg [-weak_reference_mismatches] ==> ignore
    arg [non-weak] ==> ignore
    arg [-macosx_version_min] ==> ignore
    arg [10.14.2] ==> ignore
    arg [-no_compact_unwind] ==> ignore
    arg [-keep_dwarf_unwind] ==> ignore
    arg [-rpath] ==> ignore
    arg [/opt/intel/bin/../compilers_and_libraries/mac/bin/../../../compilers_and_libraries_2019.1.144/mac/compiler/lib] ==> ignore
    arg [-o] ==> ignore
    arg [cmTC_de2b4] ==> ignore
    arg [-L/opt/intel/bin/../compilers_and_libraries/mac/bin/../../../compilers_and_libraries_2019.1.144/mac/compiler/lib] ==> dir [/opt/intel/bin/../compilers_and_libraries/mac/bin/../../../compilers_and_libraries_2019.1.144/mac/compiler/lib]
    arg [-L/usr/lib] ==> dir [/usr/lib]
    arg [CMakeFiles/cmTC_de2b4.dir/CMakeCXXCompilerABI.cpp.o] ==> ignore
    arg [-search_paths_first] ==> ignore
    arg [-headerpad_max_install_names] ==> ignore
    arg [-v] ==> ignore
    arg [/opt/intel/bin/../compilers_and_libraries/mac/bin/../../../compilers_and_libraries_2019.1.144/mac/compiler/lib/libimf.a] ==> lib [/opt/intel/bin/../compilers_and_libraries/mac/bin/../../../compilers_and_libraries_2019.1.144/mac/compiler/lib/libimf.a]
    arg [/opt/intel/bin/../compilers_and_libraries/mac/bin/../../../compilers_and_libraries_2019.1.144/mac/compiler/lib/libsvml.a] ==> lib [/opt/intel/bin/../compilers_and_libraries/mac/bin/../../../compilers_and_libraries_2019.1.144/mac/compiler/lib/libsvml.a]
    arg [/opt/intel/bin/../compilers_and_libraries/mac/bin/../../../compilers_and_libraries_2019.1.144/mac/compiler/lib/libirng.a] ==> lib [/opt/intel/bin/../compilers_and_libraries/mac/bin/../../../compilers_and_libraries_2019.1.144/mac/compiler/lib/libirng.a]
    arg [-lc++] ==> lib [c++]
    arg [/opt/intel/bin/../compilers_and_libraries/mac/bin/../../../compilers_and_libraries_2019.1.144/mac/compiler/lib/libipgo.a] ==> lib [/opt/intel/bin/../compilers_and_libraries/mac/bin/../../../compilers_and_libraries_2019.1.144/mac/compiler/lib/libipgo.a]
    arg [/opt/intel/bin/../compilers_and_libraries/mac/bin/../../../compilers_and_libraries_2019.1.144/mac/compiler/lib/libdecimal.a] ==> lib [/opt/intel/bin/../compilers_and_libraries/mac/bin/../../../compilers_and_libraries_2019.1.144/mac/compiler/lib/libdecimal.a]
    arg [-weak-lcilkrts] ==> ignore
    arg [-lc++] ==> lib [c++]
    arg [-lSystem] ==> lib [System]
    arg [/opt/intel/bin/../compilers_and_libraries/mac/bin/../../../compilers_and_libraries_2019.1.144/mac/compiler/lib/libirc.a] ==> lib [/opt/intel/bin/../compilers_and_libraries/mac/bin/../../../compilers_and_libraries_2019.1.144/mac/compiler/lib/libirc.a]
    arg [/opt/intel/bin/../compilers_and_libraries/mac/bin/../../../compilers_and_libraries_2019.1.144/mac/compiler/lib/libsvml.a] ==> lib [/opt/intel/bin/../compilers_and_libraries/mac/bin/../../../compilers_and_libraries_2019.1.144/mac/compiler/lib/libsvml.a]
    arg [/Library/Developer/CommandLineTools/usr/lib/clang/9.1.0/lib/darwin/libclang_rt.osx.a] ==> lib [/Library/Developer/CommandLineTools/usr/lib/clang/9.1.0/lib/darwin/libclang_rt.osx.a]
  Library search paths: [;/opt/intel/compilers_and_libraries_2019.1.144/mac/compiler/lib;/usr/lib;/usr/lib;/usr/local/lib]
  Framework search paths: [;/Library/Frameworks/;/System/Library/Frameworks/]
  collapse lib [/opt/intel/bin/../compilers_and_libraries/mac/bin/../../../compilers_and_libraries_2019.1.144/mac/compiler/lib/libimf.a] ==> [/opt/intel/compilers_and_libraries_2019.1.144/mac/compiler/lib/libimf.a]
  collapse lib [/opt/intel/bin/../compilers_and_libraries/mac/bin/../../../compilers_and_libraries_2019.1.144/mac/compiler/lib/libsvml.a] ==> [/opt/intel/compilers_and_libraries_2019.1.144/mac/compiler/lib/libsvml.a]
  collapse lib [/opt/intel/bin/../compilers_and_libraries/mac/bin/../../../compilers_and_libraries_2019.1.144/mac/compiler/lib/libirng.a] ==> [/opt/intel/compilers_and_libraries_2019.1.144/mac/compiler/lib/libirng.a]
  collapse lib [/opt/intel/bin/../compilers_and_libraries/mac/bin/../../../compilers_and_libraries_2019.1.144/mac/compiler/lib/libipgo.a] ==> [/opt/intel/compilers_and_libraries_2019.1.144/mac/compiler/lib/libipgo.a]
  collapse lib [/opt/intel/bin/../compilers_and_libraries/mac/bin/../../../compilers_and_libraries_2019.1.144/mac/compiler/lib/libdecimal.a] ==> [/opt/intel/compilers_and_libraries_2019.1.144/mac/compiler/lib/libdecimal.a]
  remove lib [System]
  collapse lib [/opt/intel/bin/../compilers_and_libraries/mac/bin/../../../compilers_and_libraries_2019.1.144/mac/compiler/lib/libirc.a] ==> [/opt/intel/compilers_and_libraries_2019.1.144/mac/compiler/lib/libirc.a]
  collapse lib [/opt/intel/bin/../compilers_and_libraries/mac/bin/../../../compilers_and_libraries_2019.1.144/mac/compiler/lib/libsvml.a] ==> [/opt/intel/compilers_and_libraries_2019.1.144/mac/compiler/lib/libsvml.a]
  remove lib [/Library/Developer/CommandLineTools/usr/lib/clang/9.1.0/lib/darwin/libclang_rt.osx.a]
  collapse library dir [/opt/intel/bin/../compilers_and_libraries/mac/bin/../../../compilers_and_libraries_2019.1.144/mac/compiler/lib] ==> [/opt/intel/compilers_and_libraries_2019.1.144/mac/compiler/lib]
  collapse library dir [/usr/lib] ==> [/usr/lib]
  collapse library dir [/opt/intel/compilers_and_libraries_2019.1.144/mac/compiler/lib] ==> [/opt/intel/compilers_and_libraries_2019.1.144/mac/compiler/lib]
  collapse library dir [/usr/lib] ==> [/usr/lib]
  collapse library dir [/usr/lib] ==> [/usr/lib]
  collapse library dir [/usr/local/lib] ==> [/usr/local/lib]
  collapse framework dir [/Library/Frameworks/] ==> [/Library/Frameworks]
  collapse framework dir [/System/Library/Frameworks/] ==> [/System/Library/Frameworks]
  implicit libs: [/opt/intel/compilers_and_libraries_2019.1.144/mac/compiler/lib/libimf.a;/opt/intel/compilers_and_libraries_2019.1.144/mac/compiler/lib/libsvml.a;/opt/intel/compilers_and_libraries_2019.1.144/mac/compiler/lib/libirng.a;c++;/opt/intel/compilers_and_libraries_2019.1.144/mac/compiler/lib/libipgo.a;/opt/intel/compilers_and_libraries_2019.1.144/mac/compiler/lib/libdecimal.a;c++;/opt/intel/compilers_and_libraries_2019.1.144/mac/compiler/lib/libirc.a;/opt/intel/compilers_and_libraries_2019.1.144/mac/compiler/lib/libsvml.a]
  implicit dirs: [/opt/intel/compilers_and_libraries_2019.1.144/mac/compiler/lib;/usr/lib;/usr/local/lib]
  implicit fwks: [/Library/Frameworks;/System/Library/Frameworks]




Detecting CXX [-std=c++17] compiler features compiled with the following output:
Change Dir: /Users/jinlianyuan/CLionProjects/SRTP/GuomiLib/cmake-build-debug/CMakeFiles/CMakeTmp

Run Build Command(s):/usr/bin/make cmTC_c4eaf/fast 
/Library/Developer/CommandLineTools/usr/bin/make -f CMakeFiles/cmTC_c4eaf.dir/build.make CMakeFiles/cmTC_c4eaf.dir/build
Building CXX object CMakeFiles/cmTC_c4eaf.dir/feature_tests.cxx.o
/opt/intel/bin/icpc    -std=c++17 -o CMakeFiles/cmTC_c4eaf.dir/feature_tests.cxx.o -c /Users/jinlianyuan/CLionProjects/SRTP/GuomiLib/cmake-build-debug/CMakeFiles/feature_tests.cxx
Linking CXX executable cmTC_c4eaf
/Applications/CLion.app/Contents/bin/cmake/mac/bin/cmake -E cmake_link_script CMakeFiles/cmTC_c4eaf.dir/link.txt --verbose=1
/opt/intel/bin/icpc    -Wl,-search_paths_first -Wl,-headerpad_max_install_names   CMakeFiles/cmTC_c4eaf.dir/feature_tests.cxx.o  -o cmTC_c4eaf 
ld: warning: URGENT: building for OSX, but linking against dylib (/usr/lib/libc++.dylib) built for (unknown). Note: This will be an error in the future.
ld: warning: URGENT: building for OSX, but linking against dylib (/usr/lib/libSystem.dylib) built for (unknown). Note: This will be an error in the future.


    Feature record: CXX_FEATURE:1cxx_aggregate_default_initializers
    Feature record: CXX_FEATURE:1cxx_alias_templates
    Feature record: CXX_FEATURE:1cxx_alignas
    Feature record: CXX_FEATURE:1cxx_alignof
    Feature record: CXX_FEATURE:1cxx_attributes
    Feature record: CXX_FEATURE:1cxx_attribute_deprecated
    Feature record: CXX_FEATURE:1cxx_auto_type
    Feature record: CXX_FEATURE:1cxx_binary_literals
    Feature record: CXX_FEATURE:1cxx_constexpr
    Feature record: CXX_FEATURE:1cxx_contextual_conversions
    Feature record: CXX_FEATURE:1cxx_decltype
    Feature record: CXX_FEATURE:1cxx_decltype_auto
    Feature record: CXX_FEATURE:1cxx_decltype_incomplete_return_types
    Feature record: CXX_FEATURE:1cxx_default_function_template_args
    Feature record: CXX_FEATURE:1cxx_defaulted_functions
    Feature record: CXX_FEATURE:1cxx_defaulted_move_initializers
    Feature record: CXX_FEATURE:1cxx_delegating_constructors
    Feature record: CXX_FEATURE:1cxx_deleted_functions
    Feature record: CXX_FEATURE:1cxx_digit_separators
    Feature record: CXX_FEATURE:1cxx_enum_forward_declarations
    Feature record: CXX_FEATURE:1cxx_explicit_conversions
    Feature record: CXX_FEATURE:1cxx_extended_friend_declarations
    Feature record: CXX_FEATURE:1cxx_extern_templates
    Feature record: CXX_FEATURE:1cxx_final
    Feature record: CXX_FEATURE:1cxx_func_identifier
    Feature record: CXX_FEATURE:1cxx_generalized_initializers
    Feature record: CXX_FEATURE:1cxx_generic_lambdas
    Feature record: CXX_FEATURE:1cxx_inheriting_constructors
    Feature record: CXX_FEATURE:1cxx_inline_namespaces
    Feature record: CXX_FEATURE:1cxx_lambdas
    Feature record: CXX_FEATURE:1cxx_lambda_init_captures
    Feature record: CXX_FEATURE:1cxx_local_type_template_args
    Feature record: CXX_FEATURE:1cxx_long_long_type
    Feature record: CXX_FEATURE:1cxx_noexcept
    Feature record: CXX_FEATURE:1cxx_nonstatic_member_init
    Feature record: CXX_FEATURE:1cxx_nullptr
    Feature record: CXX_FEATURE:1cxx_override
    Feature record: CXX_FEATURE:1cxx_range_for
    Feature record: CXX_FEATURE:1cxx_raw_string_literals
    Feature record: CXX_FEATURE:1cxx_reference_qualified_functions
    Feature record: CXX_FEATURE:1cxx_relaxed_constexpr
    Feature record: CXX_FEATURE:1cxx_return_type_deduction
    Feature record: CXX_FEATURE:1cxx_right_angle_brackets
    Feature record: CXX_FEATURE:1cxx_rvalue_references
    Feature record: CXX_FEATURE:1cxx_sizeof_member
    Feature record: CXX_FEATURE:1cxx_static_assert
    Feature record: CXX_FEATURE:1cxx_strong_enums
    Feature record: CXX_FEATURE:1cxx_template_template_parameters
    Feature record: CXX_FEATURE:1cxx_thread_local
    Feature record: CXX_FEATURE:1cxx_trailing_return_types
    Feature record: CXX_FEATURE:1cxx_unicode_literals
    Feature record: CXX_FEATURE:1cxx_uniform_initialization
    Feature record: CXX_FEATURE:1cxx_unrestricted_unions
    Feature record: CXX_FEATURE:1cxx_user_literals
    Feature record: CXX_FEATURE:1cxx_variable_templates
    Feature record: CXX_FEATURE:1cxx_variadic_macros
    Feature record: CXX_FEATURE:1cxx_variadic_templates


Detecting CXX [-std=c++14] compiler features compiled with the following output:
Change Dir: /Users/jinlianyuan/CLionProjects/SRTP/GuomiLib/cmake-build-debug/CMakeFiles/CMakeTmp

Run Build Command(s):/usr/bin/make cmTC_2628a/fast 
/Library/Developer/CommandLineTools/usr/bin/make -f CMakeFiles/cmTC_2628a.dir/build.make CMakeFiles/cmTC_2628a.dir/build
Building CXX object CMakeFiles/cmTC_2628a.dir/feature_tests.cxx.o
/opt/intel/bin/icpc    -std=c++14 -o CMakeFiles/cmTC_2628a.dir/feature_tests.cxx.o -c /Users/jinlianyuan/CLionProjects/SRTP/GuomiLib/cmake-build-debug/CMakeFiles/feature_tests.cxx
Linking CXX executable cmTC_2628a
/Applications/CLion.app/Contents/bin/cmake/mac/bin/cmake -E cmake_link_script CMakeFiles/cmTC_2628a.dir/link.txt --verbose=1
/opt/intel/bin/icpc    -Wl,-search_paths_first -Wl,-headerpad_max_install_names   CMakeFiles/cmTC_2628a.dir/feature_tests.cxx.o  -o cmTC_2628a 
ld: warning: URGENT: building for OSX, but linking against dylib (/usr/lib/libc++.dylib) built for (unknown). Note: This will be an error in the future.
ld: warning: URGENT: building for OSX, but linking against dylib (/usr/lib/libSystem.dylib) built for (unknown). Note: This will be an error in the future.


    Feature record: CXX_FEATURE:1cxx_aggregate_default_initializers
    Feature record: CXX_FEATURE:1cxx_alias_templates
    Feature record: CXX_FEATURE:1cxx_alignas
    Feature record: CXX_FEATURE:1cxx_alignof
    Feature record: CXX_FEATURE:1cxx_attributes
    Feature record: CXX_FEATURE:1cxx_attribute_deprecated
    Feature record: CXX_FEATURE:1cxx_auto_type
    Feature record: CXX_FEATURE:1cxx_binary_literals
    Feature record: CXX_FEATURE:1cxx_constexpr
    Feature record: CXX_FEATURE:1cxx_contextual_conversions
    Feature record: CXX_FEATURE:1cxx_decltype
    Feature record: CXX_FEATURE:1cxx_decltype_auto
    Feature record: CXX_FEATURE:1cxx_decltype_incomplete_return_types
    Feature record: CXX_FEATURE:1cxx_default_function_template_args
    Feature record: CXX_FEATURE:1cxx_defaulted_functions
    Feature record: CXX_FEATURE:1cxx_defaulted_move_initializers
    Feature record: CXX_FEATURE:1cxx_delegating_constructors
    Feature record: CXX_FEATURE:1cxx_deleted_functions
    Feature record: CXX_FEATURE:1cxx_digit_separators
    Feature record: CXX_FEATURE:1cxx_enum_forward_declarations
    Feature record: CXX_FEATURE:1cxx_explicit_conversions
    Feature record: CXX_FEATURE:1cxx_extended_friend_declarations
    Feature record: CXX_FEATURE:1cxx_extern_templates
    Feature record: CXX_FEATURE:1cxx_final
    Feature record: CXX_FEATURE:1cxx_func_identifier
    Feature record: CXX_FEATURE:1cxx_generalized_initializers
    Feature record: CXX_FEATURE:1cxx_generic_lambdas
    Feature record: CXX_FEATURE:1cxx_inheriting_constructors
    Feature record: CXX_FEATURE:1cxx_inline_namespaces
    Feature record: CXX_FEATURE:1cxx_lambdas
    Feature record: CXX_FEATURE:1cxx_lambda_init_captures
    Feature record: CXX_FEATURE:1cxx_local_type_template_args
    Feature record: CXX_FEATURE:1cxx_long_long_type
    Feature record: CXX_FEATURE:1cxx_noexcept
    Feature record: CXX_FEATURE:1cxx_nonstatic_member_init
    Feature record: CXX_FEATURE:1cxx_nullptr
    Feature record: CXX_FEATURE:1cxx_override
    Feature record: CXX_FEATURE:1cxx_range_for
    Feature record: CXX_FEATURE:1cxx_raw_string_literals
    Feature record: CXX_FEATURE:1cxx_reference_qualified_functions
    Feature record: CXX_FEATURE:1cxx_relaxed_constexpr
    Feature record: CXX_FEATURE:1cxx_return_type_deduction
    Feature record: CXX_FEATURE:1cxx_right_angle_brackets
    Feature record: CXX_FEATURE:1cxx_rvalue_references
    Feature record: CXX_FEATURE:1cxx_sizeof_member
    Feature record: CXX_FEATURE:1cxx_static_assert
    Feature record: CXX_FEATURE:1cxx_strong_enums
    Feature record: CXX_FEATURE:1cxx_template_template_parameters
    Feature record: CXX_FEATURE:1cxx_thread_local
    Feature record: CXX_FEATURE:1cxx_trailing_return_types
    Feature record: CXX_FEATURE:1cxx_unicode_literals
    Feature record: CXX_FEATURE:1cxx_uniform_initialization
    Feature record: CXX_FEATURE:1cxx_unrestricted_unions
    Feature record: CXX_FEATURE:1cxx_user_literals
    Feature record: CXX_FEATURE:1cxx_variable_templates
    Feature record: CXX_FEATURE:1cxx_variadic_macros
    Feature record: CXX_FEATURE:1cxx_variadic_templates


Detecting CXX [-std=c++11] compiler features compiled with the following output:
Change Dir: /Users/jinlianyuan/CLionProjects/SRTP/GuomiLib/cmake-build-debug/CMakeFiles/CMakeTmp

Run Build Command(s):/usr/bin/make cmTC_88617/fast 
/Library/Developer/CommandLineTools/usr/bin/make -f CMakeFiles/cmTC_88617.dir/build.make CMakeFiles/cmTC_88617.dir/build
Building CXX object CMakeFiles/cmTC_88617.dir/feature_tests.cxx.o
/opt/intel/bin/icpc    -std=c++11 -o CMakeFiles/cmTC_88617.dir/feature_tests.cxx.o -c /Users/jinlianyuan/CLionProjects/SRTP/GuomiLib/cmake-build-debug/CMakeFiles/feature_tests.cxx
Linking CXX executable cmTC_88617
/Applications/CLion.app/Contents/bin/cmake/mac/bin/cmake -E cmake_link_script CMakeFiles/cmTC_88617.dir/link.txt --verbose=1
/opt/intel/bin/icpc    -Wl,-search_paths_first -Wl,-headerpad_max_install_names   CMakeFiles/cmTC_88617.dir/feature_tests.cxx.o  -o cmTC_88617 
ld: warning: URGENT: building for OSX, but linking against dylib (/usr/lib/libc++.dylib) built for (unknown). Note: This will be an error in the future.
ld: warning: URGENT: building for OSX, but linking against dylib (/usr/lib/libSystem.dylib) built for (unknown). Note: This will be an error in the future.


    Feature record: CXX_FEATURE:0cxx_aggregate_default_initializers
    Feature record: CXX_FEATURE:1cxx_alias_templates
    Feature record: CXX_FEATURE:1cxx_alignas
    Feature record: CXX_FEATURE:1cxx_alignof
    Feature record: CXX_FEATURE:1cxx_attributes
    Feature record: CXX_FEATURE:0cxx_attribute_deprecated
    Feature record: CXX_FEATURE:1cxx_auto_type
    Feature record: CXX_FEATURE:1cxx_binary_literals
    Feature record: CXX_FEATURE:1cxx_constexpr
    Feature record: CXX_FEATURE:0cxx_contextual_conversions
    Feature record: CXX_FEATURE:1cxx_decltype
    Feature record: CXX_FEATURE:0cxx_decltype_auto
    Feature record: CXX_FEATURE:1cxx_decltype_incomplete_return_types
    Feature record: CXX_FEATURE:1cxx_default_function_template_args
    Feature record: CXX_FEATURE:1cxx_defaulted_functions
    Feature record: CXX_FEATURE:1cxx_defaulted_move_initializers
    Feature record: CXX_FEATURE:1cxx_delegating_constructors
    Feature record: CXX_FEATURE:1cxx_deleted_functions
    Feature record: CXX_FEATURE:0cxx_digit_separators
    Feature record: CXX_FEATURE:1cxx_enum_forward_declarations
    Feature record: CXX_FEATURE:1cxx_explicit_conversions
    Feature record: CXX_FEATURE:1cxx_extended_friend_declarations
    Feature record: CXX_FEATURE:1cxx_extern_templates
    Feature record: CXX_FEATURE:1cxx_final
    Feature record: CXX_FEATURE:1cxx_func_identifier
    Feature record: CXX_FEATURE:1cxx_generalized_initializers
    Feature record: CXX_FEATURE:0cxx_generic_lambdas
    Feature record: CXX_FEATURE:1cxx_inheriting_constructors
    Feature record: CXX_FEATURE:1cxx_inline_namespaces
    Feature record: CXX_FEATURE:1cxx_lambdas
    Feature record: CXX_FEATURE:0cxx_lambda_init_captures
    Feature record: CXX_FEATURE:1cxx_local_type_template_args
    Feature record: CXX_FEATURE:1cxx_long_long_type
    Feature record: CXX_FEATURE:1cxx_noexcept
    Feature record: CXX_FEATURE:1cxx_nonstatic_member_init
    Feature record: CXX_FEATURE:1cxx_nullptr
    Feature record: CXX_FEATURE:1cxx_override
    Feature record: CXX_FEATURE:1cxx_range_for
    Feature record: CXX_FEATURE:1cxx_raw_string_literals
    Feature record: CXX_FEATURE:1cxx_reference_qualified_functions
    Feature record: CXX_FEATURE:0cxx_relaxed_constexpr
    Feature record: CXX_FEATURE:0cxx_return_type_deduction
    Feature record: CXX_FEATURE:1cxx_right_angle_brackets
    Feature record: CXX_FEATURE:1cxx_rvalue_references
    Feature record: CXX_FEATURE:1cxx_sizeof_member
    Feature record: CXX_FEATURE:1cxx_static_assert
    Feature record: CXX_FEATURE:1cxx_strong_enums
    Feature record: CXX_FEATURE:1cxx_template_template_parameters
    Feature record: CXX_FEATURE:1cxx_thread_local
    Feature record: CXX_FEATURE:1cxx_trailing_return_types
    Feature record: CXX_FEATURE:1cxx_unicode_literals
    Feature record: CXX_FEATURE:1cxx_uniform_initialization
    Feature record: CXX_FEATURE:1cxx_unrestricted_unions
    Feature record: CXX_FEATURE:1cxx_user_literals
    Feature record: CXX_FEATURE:0cxx_variable_templates
    Feature record: CXX_FEATURE:1cxx_variadic_macros
    Feature record: CXX_FEATURE:1cxx_variadic_templates


Detecting CXX [-std=c++98] compiler features compiled with the following output:
Change Dir: /Users/jinlianyuan/CLionProjects/SRTP/GuomiLib/cmake-build-debug/CMakeFiles/CMakeTmp

Run Build Command(s):/usr/bin/make cmTC_ab3d9/fast 
/Library/Developer/CommandLineTools/usr/bin/make -f CMakeFiles/cmTC_ab3d9.dir/build.make CMakeFiles/cmTC_ab3d9.dir/build
Building CXX object CMakeFiles/cmTC_ab3d9.dir/feature_tests.cxx.o
/opt/intel/bin/icpc    -std=c++98 -o CMakeFiles/cmTC_ab3d9.dir/feature_tests.cxx.o -c /Users/jinlianyuan/CLionProjects/SRTP/GuomiLib/cmake-build-debug/CMakeFiles/feature_tests.cxx
Linking CXX executable cmTC_ab3d9
/Applications/CLion.app/Contents/bin/cmake/mac/bin/cmake -E cmake_link_script CMakeFiles/cmTC_ab3d9.dir/link.txt --verbose=1
/opt/intel/bin/icpc    -Wl,-search_paths_first -Wl,-headerpad_max_install_names   CMakeFiles/cmTC_ab3d9.dir/feature_tests.cxx.o  -o cmTC_ab3d9 
ld: warning: URGENT: building for OSX, but linking against dylib (/usr/lib/libc++.dylib) built for (unknown). Note: This will be an error in the future.
ld: warning: URGENT: building for OSX, but linking against dylib (/usr/lib/libSystem.dylib) built for (unknown). Note: This will be an error in the future.


    Feature record: CXX_FEATURE:0cxx_aggregate_default_initializers
    Feature record: CXX_FEATURE:0cxx_alias_templates
    Feature record: CXX_FEATURE:0cxx_alignas
    Feature record: CXX_FEATURE:0cxx_alignof
    Feature record: CXX_FEATURE:0cxx_attributes
    Feature record: CXX_FEATURE:0cxx_attribute_deprecated
    Feature record: CXX_FEATURE:0cxx_auto_type
    Feature record: CXX_FEATURE:1cxx_binary_literals
    Feature record: CXX_FEATURE:0cxx_constexpr
    Feature record: CXX_FEATURE:0cxx_contextual_conversions
    Feature record: CXX_FEATURE:0cxx_decltype
    Feature record: CXX_FEATURE:0cxx_decltype_auto
    Feature record: CXX_FEATURE:0cxx_decltype_incomplete_return_types
    Feature record: CXX_FEATURE:0cxx_default_function_template_args
    Feature record: CXX_FEATURE:0cxx_defaulted_functions
    Feature record: CXX_FEATURE:0cxx_defaulted_move_initializers
    Feature record: CXX_FEATURE:0cxx_delegating_constructors
    Feature record: CXX_FEATURE:0cxx_deleted_functions
    Feature record: CXX_FEATURE:0cxx_digit_separators
    Feature record: CXX_FEATURE:0cxx_enum_forward_declarations
    Feature record: CXX_FEATURE:0cxx_explicit_conversions
    Feature record: CXX_FEATURE:0cxx_extended_friend_declarations
    Feature record: CXX_FEATURE:0cxx_extern_templates
    Feature record: CXX_FEATURE:0cxx_final
    Feature record: CXX_FEATURE:0cxx_func_identifier
    Feature record: CXX_FEATURE:0cxx_generalized_initializers
    Feature record: CXX_FEATURE:0cxx_generic_lambdas
    Feature record: CXX_FEATURE:0cxx_inheriting_constructors
    Feature record: CXX_FEATURE:0cxx_inline_namespaces
    Feature record: CXX_FEATURE:0cxx_lambdas
    Feature record: CXX_FEATURE:0cxx_lambda_init_captures
    Feature record: CXX_FEATURE:0cxx_local_type_template_args
    Feature record: CXX_FEATURE:0cxx_long_long_type
    Feature record: CXX_FEATURE:0cxx_noexcept
    Feature record: CXX_FEATURE:0cxx_nonstatic_member_init
    Feature record: CXX_FEATURE:0cxx_nullptr
    Feature record: CXX_FEATURE:0cxx_override
    Feature record: CXX_FEATURE:0cxx_range_for
    Feature record: CXX_FEATURE:0cxx_raw_string_literals
    Feature record: CXX_FEATURE:0cxx_reference_qualified_functions
    Feature record: CXX_FEATURE:0cxx_relaxed_constexpr
    Feature record: CXX_FEATURE:0cxx_return_type_deduction
    Feature record: CXX_FEATURE:0cxx_right_angle_brackets
    Feature record: CXX_FEATURE:0cxx_rvalue_references
    Feature record: CXX_FEATURE:0cxx_sizeof_member
    Feature record: CXX_FEATURE:0cxx_static_assert
    Feature record: CXX_FEATURE:0cxx_strong_enums
    Feature record: CXX_FEATURE:0cxx_template_template_parameters
    Feature record: CXX_FEATURE:0cxx_thread_local
    Feature record: CXX_FEATURE:0cxx_trailing_return_types
    Feature record: CXX_FEATURE:0cxx_unicode_literals
    Feature record: CXX_FEATURE:0cxx_uniform_initialization
    Feature record: CXX_FEATURE:0cxx_unrestricted_unions
    Feature record: CXX_FEATURE:0cxx_user_literals
    Feature record: CXX_FEATURE:0cxx_variable_templates
    Feature record: CXX_FEATURE:0cxx_variadic_macros
    Feature record: CXX_FEATURE:0cxx_variadic_templates
